{"/home/travis/build/npmtest/node-npmtest-argparse/test.js":{"path":"/home/travis/build/npmtest/node-npmtest-argparse/test.js","s":{"1":2,"2":2,"3":2,"4":2,"5":2,"6":2,"7":2,"8":1,"9":2,"10":2,"11":1,"12":1,"13":1,"14":1,"15":2,"16":2,"17":2,"18":2,"19":1,"20":1,"21":2,"22":2,"23":2,"24":1,"25":1,"26":1,"27":1,"28":1,"29":1,"30":1,"31":1,"32":1,"33":1,"34":1,"35":1,"36":1,"37":1,"38":1,"39":2,"40":2,"41":1,"42":2,"43":2,"44":1,"45":2,"46":2,"47":1,"48":2,"49":2,"50":1,"51":1,"52":1,"53":1,"54":1},"b":{"1":[2,1,1,1],"2":[1,1,1,1],"3":[1,1],"4":[1,1],"5":[1,1],"6":[1,1],"7":[1,1],"8":[1,1],"9":[1,1],"10":[1,1,1],"11":[1,1],"12":[1,1],"13":[1,1],"14":[1,1],"15":[1,1],"16":[1,1],"17":[1,1]},"f":{"1":2,"2":2,"3":2,"4":2,"5":2,"6":1,"7":1,"8":1,"9":2,"10":2,"11":2,"12":2,"13":1},"fnMap":{"1":{"name":"(anonymous_1)","line":12,"loc":{"start":{"line":12,"column":1},"end":{"line":12,"column":13}}},"2":{"name":"(anonymous_2)","line":19,"loc":{"start":{"line":19,"column":5},"end":{"line":19,"column":17}}},"3":{"name":"(anonymous_3)","line":23,"loc":{"start":{"line":23,"column":24},"end":{"line":23,"column":36}}},"4":{"name":"(anonymous_4)","line":61,"loc":{"start":{"line":61,"column":5},"end":{"line":61,"column":17}}},"5":{"name":"(anonymous_5)","line":82,"loc":{"start":{"line":82,"column":5},"end":{"line":82,"column":17}}},"6":{"name":"(anonymous_6)","line":91,"loc":{"start":{"line":91,"column":77},"end":{"line":94,"column":10}}},"7":{"name":"(anonymous_7)","line":112,"loc":{"start":{"line":112,"column":83},"end":{"line":115,"column":10}},"skip":true},"8":{"name":"(anonymous_8)","line":123,"loc":{"start":{"line":123,"column":77},"end":{"line":126,"column":10}},"skip":true},"9":{"name":"(anonymous_9)","line":139,"loc":{"start":{"line":139,"column":12},"end":{"line":139,"column":40}},"skip":true},"10":{"name":"(anonymous_10)","line":147,"loc":{"start":{"line":147,"column":77},"end":{"line":150,"column":10}},"skip":true},"11":{"name":"(anonymous_11)","line":158,"loc":{"start":{"line":158,"column":83},"end":{"line":161,"column":10}},"skip":true},"12":{"name":"(anonymous_12)","line":169,"loc":{"start":{"line":169,"column":79},"end":{"line":172,"column":10}},"skip":true},"13":{"name":"(anonymous_13)","line":180,"loc":{"start":{"line":180,"column":75},"end":{"line":183,"column":10}},"skip":true}},"statementMap":{"1":{"start":{"line":12,"column":0},"end":{"line":195,"column":5}},"2":{"start":{"line":14,"column":4},"end":{"line":14,"column":14}},"3":{"start":{"line":19,"column":4},"end":{"line":56,"column":9}},"4":{"start":{"line":21,"column":8},"end":{"line":21,"column":19}},"5":{"start":{"line":23,"column":8},"end":{"line":35,"column":13}},"6":{"start":{"line":24,"column":12},"end":{"line":34,"column":13}},"7":{"start":{"line":25,"column":16},"end":{"line":28,"column":30}},"8":{"start":{"line":30,"column":16},"end":{"line":33,"column":27}},"9":{"start":{"line":37,"column":8},"end":{"line":39,"column":21}},"10":{"start":{"line":40,"column":8},"end":{"line":53,"column":9}},"11":{"start":{"line":43,"column":12},"end":{"line":46,"column":14}},"12":{"start":{"line":47,"column":12},"end":{"line":47,"column":18}},"13":{"start":{"line":50,"column":12},"end":{"line":51,"column":33}},"14":{"start":{"line":52,"column":12},"end":{"line":52,"column":18}},"15":{"start":{"line":55,"column":8},"end":{"line":55,"column":35}},"16":{"start":{"line":61,"column":4},"end":{"line":63,"column":9}},"17":{"start":{"line":62,"column":8},"end":{"line":62,"column":15}},"18":{"start":{"line":64,"column":4},"end":{"line":77,"column":5}},"19":{"start":{"line":70,"column":8},"end":{"line":70,"column":14}},"20":{"start":{"line":76,"column":8},"end":{"line":76,"column":14}},"21":{"start":{"line":82,"column":4},"end":{"line":84,"column":9}},"22":{"start":{"line":83,"column":8},"end":{"line":83,"column":15}},"23":{"start":{"line":85,"column":4},"end":{"line":194,"column":5}},"24":{"start":{"line":91,"column":8},"end":{"line":99,"column":10}},"25":{"start":{"line":98,"column":12},"end":{"line":98,"column":35}},"26":{"start":{"line":102,"column":8},"end":{"line":104,"column":63}},"27":{"start":{"line":105,"column":8},"end":{"line":105,"column":14}},"28":{"start":{"line":112,"column":8},"end":{"line":121,"column":10},"skip":true},"29":{"start":{"line":119,"column":12},"end":{"line":119,"column":55},"skip":true},"30":{"start":{"line":120,"column":12},"end":{"line":120,"column":48},"skip":true},"31":{"start":{"line":123,"column":8},"end":{"line":136,"column":10},"skip":true},"32":{"start":{"line":130,"column":12},"end":{"line":130,"column":76},"skip":true},"33":{"start":{"line":131,"column":12},"end":{"line":131,"column":73},"skip":true},"34":{"start":{"line":132,"column":12},"end":{"line":132,"column":74},"skip":true},"35":{"start":{"line":133,"column":12},"end":{"line":133,"column":79},"skip":true},"36":{"start":{"line":134,"column":12},"end":{"line":134,"column":25},"skip":true},"37":{"start":{"line":135,"column":12},"end":{"line":135,"column":45},"skip":true},"38":{"start":{"line":138,"column":8},"end":{"line":145,"column":14},"skip":true},"39":{"start":{"line":143,"column":16},"end":{"line":143,"column":29},"skip":true},"40":{"start":{"line":144,"column":16},"end":{"line":144,"column":55},"skip":true},"41":{"start":{"line":147,"column":8},"end":{"line":156,"column":10},"skip":true},"42":{"start":{"line":154,"column":12},"end":{"line":154,"column":25},"skip":true},"43":{"start":{"line":155,"column":12},"end":{"line":155,"column":45},"skip":true},"44":{"start":{"line":158,"column":8},"end":{"line":167,"column":10},"skip":true},"45":{"start":{"line":165,"column":12},"end":{"line":165,"column":25},"skip":true},"46":{"start":{"line":166,"column":12},"end":{"line":166,"column":48},"skip":true},"47":{"start":{"line":169,"column":8},"end":{"line":178,"column":10},"skip":true},"48":{"start":{"line":176,"column":12},"end":{"line":176,"column":25},"skip":true},"49":{"start":{"line":177,"column":12},"end":{"line":177,"column":46},"skip":true},"50":{"start":{"line":180,"column":8},"end":{"line":189,"column":10},"skip":true},"51":{"start":{"line":187,"column":12},"end":{"line":187,"column":94},"skip":true},"52":{"start":{"line":188,"column":12},"end":{"line":188,"column":48},"skip":true},"53":{"start":{"line":192,"column":8},"end":{"line":192,"column":35},"skip":true},"54":{"start":{"line":193,"column":8},"end":{"line":193,"column":14},"skip":true}},"branchMap":{"1":{"line":25,"type":"binary-expr","locations":[{"start":{"line":25,"column":23},"end":{"line":25,"column":62}},{"start":{"line":26,"column":20},"end":{"line":26,"column":70}},{"start":{"line":27,"column":20},"end":{"line":27,"column":71}},{"start":{"line":28,"column":20},"end":{"line":28,"column":29}}]},"2":{"line":30,"type":"binary-expr","locations":[{"start":{"line":30,"column":23},"end":{"line":30,"column":37}},{"start":{"line":31,"column":20},"end":{"line":31,"column":61}},{"start":{"line":32,"column":20},"end":{"line":32,"column":70}},{"start":{"line":33,"column":20},"end":{"line":33,"column":26}}]},"3":{"line":37,"type":"cond-expr","locations":[{"start":{"line":38,"column":14},"end":{"line":38,"column":20}},{"start":{"line":39,"column":14},"end":{"line":39,"column":20}}]},"4":{"line":40,"type":"switch","locations":[{"start":{"line":42,"column":8},"end":{"line":47,"column":18}},{"start":{"line":49,"column":8},"end":{"line":52,"column":18}}]},"5":{"line":44,"type":"binary-expr","locations":[{"start":{"line":44,"column":16},"end":{"line":44,"column":44}},{"start":{"line":44,"column":48},"end":{"line":44,"column":66}}]},"6":{"line":50,"type":"binary-expr","locations":[{"start":{"line":50,"column":21},"end":{"line":50,"column":49}},{"start":{"line":50,"column":53},"end":{"line":50,"column":72}}]},"7":{"line":64,"type":"switch","locations":[{"start":{"line":69,"column":4},"end":{"line":70,"column":14}},{"start":{"line":75,"column":4},"end":{"line":76,"column":14}}]},"8":{"line":85,"type":"switch","locations":[{"start":{"line":90,"column":4},"end":{"line":105,"column":14}},{"start":{"line":111,"column":4},"end":{"line":193,"column":14},"skip":true}]},"9":{"line":91,"type":"binary-expr","locations":[{"start":{"line":91,"column":42},"end":{"line":91,"column":73}},{"start":{"line":91,"column":77},"end":{"line":99,"column":9}}]},"10":{"line":102,"type":"binary-expr","locations":[{"start":{"line":102,"column":18},"end":{"line":102,"column":32}},{"start":{"line":103,"column":12},"end":{"line":103,"column":53}},{"start":{"line":104,"column":12},"end":{"line":104,"column":61}}]},"11":{"line":112,"type":"binary-expr","locations":[{"start":{"line":112,"column":45},"end":{"line":112,"column":79},"skip":true},{"start":{"line":112,"column":83},"end":{"line":121,"column":9},"skip":true}]},"12":{"line":123,"type":"binary-expr","locations":[{"start":{"line":123,"column":42},"end":{"line":123,"column":73},"skip":true},{"start":{"line":123,"column":77},"end":{"line":136,"column":9},"skip":true}]},"13":{"line":138,"type":"binary-expr","locations":[{"start":{"line":138,"column":48},"end":{"line":138,"column":85},"skip":true},{"start":{"line":139,"column":12},"end":{"line":145,"column":13},"skip":true}]},"14":{"line":147,"type":"binary-expr","locations":[{"start":{"line":147,"column":42},"end":{"line":147,"column":73},"skip":true},{"start":{"line":147,"column":77},"end":{"line":156,"column":9},"skip":true}]},"15":{"line":158,"type":"binary-expr","locations":[{"start":{"line":158,"column":45},"end":{"line":158,"column":79},"skip":true},{"start":{"line":158,"column":83},"end":{"line":167,"column":9},"skip":true}]},"16":{"line":169,"type":"binary-expr","locations":[{"start":{"line":169,"column":43},"end":{"line":169,"column":75},"skip":true},{"start":{"line":169,"column":79},"end":{"line":178,"column":9},"skip":true}]},"17":{"line":180,"type":"binary-expr","locations":[{"start":{"line":180,"column":41},"end":{"line":180,"column":71},"skip":true},{"start":{"line":180,"column":75},"end":{"line":189,"column":9},"skip":true}]}},"code":["/* istanbul instrument in package npmtest_argparse */","/*jslint","    bitwise: true,","    browser: true,","    maxerr: 8,","    maxlen: 96,","    node: true,","    nomen: true,","    regexp: true,","    stupid: true","*/","(function () {","    'use strict';","    var local;","","","","    // run shared js-env code - init-before","    (function () {","        // init local","        local = {};","        // init modeJs","        local.modeJs = (function () {","            try {","                return typeof navigator.userAgent === 'string' &&","                    typeof document.querySelector('body') === 'object' &&","                    typeof XMLHttpRequest.prototype.open === 'function' &&","                    'browser';","            } catch (errorCaughtBrowser) {","                return module.exports &&","                    typeof process.versions.node === 'string' &&","                    typeof require('http').createServer === 'function' &&","                    'node';","            }","        }());","        // init global","        local.global = local.modeJs === 'browser'","            ? window","            : global;","        switch (local.modeJs) {","        // re-init local from window.local","        case 'browser':","            local = local.global.utility2.objectSetDefault(","                local.global.utility2_rollup || local.global.local,","                local.global.utility2","            );","            break;","        // re-init local from example.js","        case 'node':","            local = (local.global.utility2_rollup || require('utility2'))","                .requireReadme();","            break;","        }","        // export local","        local.global.local = local;","    }());","","","","    // run shared js-env code - function","    (function () {","        return;","    }());","    switch (local.modeJs) {","","","","    // run browser js-env code - function","    case 'browser':","        break;","","","","    // run node js-env code - function","    case 'node':","        break;","    }","","","","    // run shared js-env code - init-after","    (function () {","        return;","    }());","    switch (local.modeJs) {","","","","    // run browser js-env code - init-after","    case 'browser':","        local.testCase_browser_nullCase = local.testCase_browser_nullCase || function (","            options,","            onError","        ) {","        /*","         * this function will test browsers's null-case handling-behavior-behavior","         */","            onError(null, options);","        };","","        // run tests","        local.nop(local.modeTest &&","            document.querySelector('#testRunButton1') &&","            document.querySelector('#testRunButton1').click());","        break;","","","","    // run node js-env code - init-after","    /* istanbul ignore next */","    case 'node':","        local.testCase_buildApidoc_default = local.testCase_buildApidoc_default || function (","            options,","            onError","        ) {","        /*","         * this function will test buildApidoc's default handling-behavior-behavior","         */","            options = { modulePathList: module.paths };","            local.buildApidoc(options, onError);","        };","","        local.testCase_buildApp_default = local.testCase_buildApp_default || function (","            options,","            onError","        ) {","        /*","         * this function will test buildApp's default handling-behavior-behavior","         */","            local.testCase_buildReadme_default(options, local.onErrorThrow);","            local.testCase_buildLib_default(options, local.onErrorThrow);","            local.testCase_buildTest_default(options, local.onErrorThrow);","            local.testCase_buildCustomOrg_default(options, local.onErrorThrow);","            options = [];","            local.buildApp(options, onError);","        };","","        local.testCase_buildCustomOrg_default = local.testCase_buildCustomOrg_default ||","            function (options, onError) {","            /*","             * this function will test buildCustomOrg's default handling-behavior","             */","                options = {};","                local.buildCustomOrg(options, onError);","            };","","        local.testCase_buildLib_default = local.testCase_buildLib_default || function (","            options,","            onError","        ) {","        /*","         * this function will test buildLib's default handling-behavior","         */","            options = {};","            local.buildLib(options, onError);","        };","","        local.testCase_buildReadme_default = local.testCase_buildReadme_default || function (","            options,","            onError","        ) {","        /*","         * this function will test buildReadme's default handling-behavior-behavior","         */","            options = {};","            local.buildReadme(options, onError);","        };","","        local.testCase_buildTest_default = local.testCase_buildTest_default || function (","            options,","            onError","        ) {","        /*","         * this function will test buildTest's default handling-behavior","         */","            options = {};","            local.buildTest(options, onError);","        };","","        local.testCase_webpage_default = local.testCase_webpage_default || function (","            options,","            onError","        ) {","        /*","         * this function will test webpage's default handling-behavior","         */","            options = { modeCoverageMerge: true, url: local.serverLocalHost + '?modeTest=1' };","            local.browserTest(options, onError);","        };","","        // run test-server","        local.testRunServer(local);","        break;","    }","}());",""],"l":{"12":2,"14":2,"19":2,"21":2,"23":2,"24":2,"25":2,"30":1,"37":2,"40":2,"43":1,"47":1,"50":1,"52":1,"55":2,"61":2,"62":2,"64":2,"70":1,"76":1,"82":2,"83":2,"85":2,"91":1,"98":1,"102":1,"105":1,"112":1,"119":1,"120":1,"123":1,"130":1,"131":1,"132":1,"133":1,"134":1,"135":1,"138":1,"143":2,"144":2,"147":1,"154":2,"155":2,"158":1,"165":2,"166":2,"169":1,"176":2,"177":2,"180":1,"187":1,"188":1,"192":1,"193":1}},"/home/travis/build/npmtest/node-npmtest-argparse/lib.npmtest_argparse.js":{"path":"/home/travis/build/npmtest/node-npmtest-argparse/lib.npmtest_argparse.js","s":{"1":2,"2":2,"3":2,"4":2,"5":2,"6":2,"7":2,"8":1,"9":2,"10":2,"11":2,"12":2,"13":1,"14":1,"15":1,"16":1},"b":{"1":[2,1,1,1],"2":[1,1,1,1],"3":[1,1],"4":[2,2],"5":[1,1]},"f":{"1":2,"2":2,"3":2},"fnMap":{"1":{"name":"(anonymous_1)","line":12,"loc":{"start":{"line":12,"column":1},"end":{"line":12,"column":13}}},"2":{"name":"(anonymous_2)","line":19,"loc":{"start":{"line":19,"column":5},"end":{"line":19,"column":17}}},"3":{"name":"(anonymous_3)","line":23,"loc":{"start":{"line":23,"column":24},"end":{"line":23,"column":36}}}},"statementMap":{"1":{"start":{"line":12,"column":0},"end":{"line":53,"column":5}},"2":{"start":{"line":14,"column":4},"end":{"line":14,"column":14}},"3":{"start":{"line":19,"column":4},"end":{"line":52,"column":9}},"4":{"start":{"line":21,"column":8},"end":{"line":21,"column":19}},"5":{"start":{"line":23,"column":8},"end":{"line":35,"column":13}},"6":{"start":{"line":24,"column":12},"end":{"line":34,"column":13}},"7":{"start":{"line":25,"column":16},"end":{"line":28,"column":30}},"8":{"start":{"line":30,"column":16},"end":{"line":33,"column":27}},"9":{"start":{"line":37,"column":8},"end":{"line":39,"column":21}},"10":{"start":{"line":41,"column":8},"end":{"line":41,"column":54}},"11":{"start":{"line":43,"column":8},"end":{"line":43,"column":53}},"12":{"start":{"line":45,"column":8},"end":{"line":51,"column":9}},"13":{"start":{"line":46,"column":12},"end":{"line":46,"column":59}},"14":{"start":{"line":48,"column":12},"end":{"line":48,"column":35}},"15":{"start":{"line":49,"column":12},"end":{"line":49,"column":49}},"16":{"start":{"line":50,"column":12},"end":{"line":50,"column":43}}},"branchMap":{"1":{"line":25,"type":"binary-expr","locations":[{"start":{"line":25,"column":23},"end":{"line":25,"column":62}},{"start":{"line":26,"column":20},"end":{"line":26,"column":70}},{"start":{"line":27,"column":20},"end":{"line":27,"column":71}},{"start":{"line":28,"column":20},"end":{"line":28,"column":29}}]},"2":{"line":30,"type":"binary-expr","locations":[{"start":{"line":30,"column":23},"end":{"line":30,"column":37}},{"start":{"line":31,"column":20},"end":{"line":31,"column":61}},{"start":{"line":32,"column":20},"end":{"line":32,"column":70}},{"start":{"line":33,"column":20},"end":{"line":33,"column":26}}]},"3":{"line":37,"type":"cond-expr","locations":[{"start":{"line":38,"column":14},"end":{"line":38,"column":20}},{"start":{"line":39,"column":14},"end":{"line":39,"column":20}}]},"4":{"line":41,"type":"binary-expr","locations":[{"start":{"line":41,"column":16},"end":{"line":41,"column":44}},{"start":{"line":41,"column":48},"end":{"line":41,"column":53}}]},"5":{"line":45,"type":"if","locations":[{"start":{"line":45,"column":8},"end":{"line":45,"column":8}},{"start":{"line":45,"column":8},"end":{"line":45,"column":8}}]}},"code":["/* istanbul instrument in package npmtest_argparse */","/*jslint","    bitwise: true,","    browser: true,","    maxerr: 8,","    maxlen: 96,","    node: true,","    nomen: true,","    regexp: true,","    stupid: true","*/","(function () {","    'use strict';","    var local;","","","","    // run shared js-env code - init-before","    (function () {","        // init local","        local = {};","        // init modeJs","        local.modeJs = (function () {","            try {","                return typeof navigator.userAgent === 'string' &&","                    typeof document.querySelector('body') === 'object' &&","                    typeof XMLHttpRequest.prototype.open === 'function' &&","                    'browser';","            } catch (errorCaughtBrowser) {","                return module.exports &&","                    typeof process.versions.node === 'string' &&","                    typeof require('http').createServer === 'function' &&","                    'node';","            }","        }());","        // init global","        local.global = local.modeJs === 'browser'","            ? window","            : global;","        // init utility2_rollup","        local = local.global.utility2_rollup || local;","        // init lib","        local.local = local.npmtest_argparse = local;","        // init exports","        if (local.modeJs === 'browser') {","            local.global.utility2_npmtest_argparse = local;","        } else {","            module.exports = local;","            module.exports.__dirname = __dirname;","            module.exports.module = module;","        }","    }());","}());",""],"l":{"12":2,"14":2,"19":2,"21":2,"23":2,"24":2,"25":2,"30":1,"37":2,"41":2,"43":2,"45":2,"46":1,"48":1,"49":1,"50":1}},"/home/travis/build/npmtest/node-npmtest-argparse/example.js":{"path":"/home/travis/build/npmtest/node-npmtest-argparse/example.js","s":{"1":2,"2":2,"3":2,"4":2,"5":2,"6":2,"7":2,"8":1,"9":2,"10":2,"11":2,"12":2,"13":1,"14":2,"15":2,"16":2,"17":2,"18":2,"19":0,"20":2,"21":1,"22":1,"23":1,"24":1,"25":1,"26":0,"27":0,"28":1,"29":1,"30":2,"31":0,"32":0,"33":0,"34":1,"35":2,"36":2,"37":3,"38":3,"39":3,"40":3,"41":0,"42":3,"43":3,"44":3,"45":1,"46":3,"47":1,"48":1,"49":1,"50":1,"51":1,"52":1,"53":1,"54":1,"55":1,"56":1,"57":0,"58":1,"59":6,"60":6,"61":1,"62":2,"63":0,"64":2,"65":1,"66":1,"67":0,"68":0,"69":0,"70":0,"71":0,"72":0,"73":0,"74":0,"75":0,"76":0,"77":0,"78":0,"79":0,"80":0,"81":0,"82":0,"83":0},"b":{"1":[2,1,1,1],"2":[1,1,1,1],"3":[1,1],"4":[2,2],"5":[1,1],"6":[1,1],"7":[2,0],"8":[2,1,1,1,1,1],"9":[0,2,0],"10":[1,1],"11":[2,1,1],"12":[1,0],"13":[0,2],"14":[2,0,0,0,0,0,0],"15":[0,3],"16":[3,0],"17":[1,1],"18":[0,1],"19":[1,2,0,2],"20":[1,0],"21":[1,1],"22":[0,0],"23":[0,0],"24":[0,0],"25":[0,0],"26":[0,0],"27":[0,0],"28":[0,0]},"f":{"1":2,"2":2,"3":2,"4":2,"5":2,"6":2,"7":3,"8":3,"9":3,"10":1,"11":6,"12":0},"fnMap":{"1":{"name":"(anonymous_1)","line":26,"loc":{"start":{"line":26,"column":1},"end":{"line":26,"column":13}}},"2":{"name":"(anonymous_2)","line":33,"loc":{"start":{"line":33,"column":5},"end":{"line":33,"column":17}}},"3":{"name":"(anonymous_3)","line":37,"loc":{"start":{"line":37,"column":24},"end":{"line":37,"column":36}}},"4":{"name":"(anonymous_4)","line":69,"loc":{"start":{"line":69,"column":31},"end":{"line":69,"column":48}},"skip":true},"5":{"name":"(anonymous_5)","line":78,"loc":{"start":{"line":78,"column":26},"end":{"line":78,"column":45}},"skip":true},"6":{"name":"(anonymous_6)","line":123,"loc":{"start":{"line":123,"column":33},"end":{"line":123,"column":48}},"skip":true},"7":{"name":"(anonymous_7)","line":125,"loc":{"start":{"line":125,"column":27},"end":{"line":125,"column":39}},"skip":true},"8":{"name":"(anonymous_8)","line":133,"loc":{"start":{"line":133,"column":59},"end":{"line":133,"column":74}},"skip":true},"9":{"name":"(anonymous_9)","line":143,"loc":{"start":{"line":143,"column":45},"end":{"line":143,"column":62}},"skip":true},"10":{"name":"(anonymous_10)","line":144,"loc":{"start":{"line":144,"column":73},"end":{"line":144,"column":92}},"skip":true},"11":{"name":"(anonymous_11)","line":272,"loc":{"start":{"line":272,"column":51},"end":{"line":272,"column":77}},"skip":true},"12":{"name":"(anonymous_12)","line":315,"loc":{"start":{"line":315,"column":32},"end":{"line":315,"column":61}},"skip":true}},"statementMap":{"1":{"start":{"line":26,"column":0},"end":{"line":326,"column":5}},"2":{"start":{"line":28,"column":4},"end":{"line":28,"column":14}},"3":{"start":{"line":33,"column":4},"end":{"line":60,"column":9}},"4":{"start":{"line":35,"column":8},"end":{"line":35,"column":19}},"5":{"start":{"line":37,"column":8},"end":{"line":49,"column":13}},"6":{"start":{"line":38,"column":12},"end":{"line":48,"column":13}},"7":{"start":{"line":39,"column":16},"end":{"line":42,"column":30}},"8":{"start":{"line":44,"column":16},"end":{"line":47,"column":27}},"9":{"start":{"line":51,"column":8},"end":{"line":53,"column":21}},"10":{"start":{"line":55,"column":8},"end":{"line":57,"column":45}},"11":{"start":{"line":59,"column":8},"end":{"line":59,"column":35}},"12":{"start":{"line":61,"column":4},"end":{"line":325,"column":5}},"13":{"start":{"line":69,"column":8},"end":{"line":121,"column":10},"skip":true},"14":{"start":{"line":70,"column":12},"end":{"line":88,"column":13},"skip":true},"15":{"start":{"line":76,"column":16},"end":{"line":87,"column":19},"skip":true},"16":{"start":{"line":79,"column":20},"end":{"line":86,"column":21},"skip":true},"17":{"start":{"line":82,"column":24},"end":{"line":82,"column":43},"skip":true},"18":{"start":{"line":83,"column":24},"end":{"line":83,"column":30},"skip":true},"19":{"start":{"line":85,"column":24},"end":{"line":85,"column":49},"skip":true},"20":{"start":{"line":89,"column":12},"end":{"line":107,"column":13},"skip":true},"21":{"start":{"line":92,"column":16},"end":{"line":102,"column":17},"skip":true},"22":{"start":{"line":93,"column":20},"end":{"line":93,"column":86},"skip":true},"23":{"start":{"line":94,"column":20},"end":{"line":95,"column":45},"skip":true},"24":{"start":{"line":96,"column":20},"end":{"line":96,"column":42},"skip":true},"25":{"start":{"line":97,"column":20},"end":{"line":97,"column":48},"skip":true},"26":{"start":{"line":100,"column":20},"end":{"line":100,"column":85},"skip":true},"27":{"start":{"line":101,"column":20},"end":{"line":101,"column":96},"skip":true},"28":{"start":{"line":103,"column":16},"end":{"line":103,"column":22},"skip":true},"29":{"start":{"line":106,"column":16},"end":{"line":106,"column":22},"skip":true},"30":{"start":{"line":108,"column":12},"end":{"line":120,"column":13},"skip":true},"31":{"start":{"line":114,"column":16},"end":{"line":119,"column":17},"skip":true},"32":{"start":{"line":116,"column":20},"end":{"line":116,"column":78},"skip":true},"33":{"start":{"line":118,"column":20},"end":{"line":118,"column":47},"skip":true},"34":{"start":{"line":123,"column":8},"end":{"line":141,"column":11},"skip":true},"35":{"start":{"line":124,"column":12},"end":{"line":124,"column":54},"skip":true},"36":{"start":{"line":125,"column":12},"end":{"line":140,"column":14},"skip":true},"37":{"start":{"line":126,"column":16},"end":{"line":126,"column":28},"skip":true},"38":{"start":{"line":127,"column":16},"end":{"line":127,"column":69},"skip":true},"39":{"start":{"line":128,"column":16},"end":{"line":128,"column":75},"skip":true},"40":{"start":{"line":129,"column":16},"end":{"line":131,"column":17},"skip":true},"41":{"start":{"line":130,"column":20},"end":{"line":130,"column":27},"skip":true},"42":{"start":{"line":133,"column":16},"end":{"line":137,"column":36},"skip":true},"43":{"start":{"line":134,"column":20},"end":{"line":136,"column":55},"skip":true},"44":{"start":{"line":139,"column":16},"end":{"line":139,"column":57},"skip":true},"45":{"start":{"line":143,"column":8},"end":{"line":147,"column":11},"skip":true},"46":{"start":{"line":144,"column":12},"end":{"line":146,"column":15},"skip":true},"47":{"start":{"line":145,"column":16},"end":{"line":145,"column":70},"skip":true},"48":{"start":{"line":149,"column":8},"end":{"line":149,"column":31},"skip":true},"49":{"start":{"line":150,"column":8},"end":{"line":150,"column":14},"skip":true},"50":{"start":{"line":158,"column":8},"end":{"line":158,"column":31},"skip":true},"51":{"start":{"line":160,"column":8},"end":{"line":160,"column":33},"skip":true},"52":{"start":{"line":161,"column":8},"end":{"line":161,"column":37},"skip":true},"53":{"start":{"line":162,"column":8},"end":{"line":162,"column":35},"skip":true},"54":{"start":{"line":164,"column":8},"end":{"line":164,"column":50},"skip":true},"55":{"start":{"line":166,"column":8},"end":{"line":256,"column":2},"skip":true},"56":{"start":{"line":258,"column":8},"end":{"line":286,"column":9},"skip":true},"57":{"start":{"line":259,"column":12},"end":{"line":269,"column":14},"skip":true},"58":{"start":{"line":271,"column":12},"end":{"line":285,"column":19},"skip":true},"59":{"start":{"line":274,"column":20},"end":{"line":274,"column":35},"skip":true},"60":{"start":{"line":275,"column":20},"end":{"line":284,"column":21},"skip":true},"61":{"start":{"line":277,"column":24},"end":{"line":277,"column":64},"skip":true},"62":{"start":{"line":279,"column":24},"end":{"line":279,"column":40},"skip":true},"63":{"start":{"line":281,"column":24},"end":{"line":281,"column":40},"skip":true},"64":{"start":{"line":283,"column":24},"end":{"line":283,"column":39},"skip":true},"65":{"start":{"line":288,"column":8},"end":{"line":290,"column":9},"skip":true},"66":{"start":{"line":289,"column":12},"end":{"line":289,"column":18},"skip":true},"67":{"start":{"line":291,"column":8},"end":{"line":293,"column":54},"skip":true},"68":{"start":{"line":296,"column":8},"end":{"line":301,"column":37},"skip":true},"69":{"start":{"line":303,"column":8},"end":{"line":303,"column":82},"skip":true},"70":{"start":{"line":306,"column":8},"end":{"line":308,"column":9},"skip":true},"71":{"start":{"line":307,"column":12},"end":{"line":307,"column":82},"skip":true},"72":{"start":{"line":310,"column":8},"end":{"line":312,"column":9},"skip":true},"73":{"start":{"line":311,"column":12},"end":{"line":311,"column":18},"skip":true},"74":{"start":{"line":313,"column":8},"end":{"line":313,"column":54},"skip":true},"75":{"start":{"line":314,"column":8},"end":{"line":314,"column":69},"skip":true},"76":{"start":{"line":315,"column":8},"end":{"line":323,"column":36},"skip":true},"77":{"start":{"line":316,"column":12},"end":{"line":316,"column":61},"skip":true},"78":{"start":{"line":317,"column":12},"end":{"line":320,"column":13},"skip":true},"79":{"start":{"line":318,"column":16},"end":{"line":318,"column":75},"skip":true},"80":{"start":{"line":319,"column":16},"end":{"line":319,"column":23},"skip":true},"81":{"start":{"line":321,"column":12},"end":{"line":321,"column":38},"skip":true},"82":{"start":{"line":322,"column":12},"end":{"line":322,"column":27},"skip":true},"83":{"start":{"line":324,"column":8},"end":{"line":324,"column":14},"skip":true}},"branchMap":{"1":{"line":39,"type":"binary-expr","locations":[{"start":{"line":39,"column":23},"end":{"line":39,"column":62}},{"start":{"line":40,"column":20},"end":{"line":40,"column":70}},{"start":{"line":41,"column":20},"end":{"line":41,"column":71}},{"start":{"line":42,"column":20},"end":{"line":42,"column":29}}]},"2":{"line":44,"type":"binary-expr","locations":[{"start":{"line":44,"column":23},"end":{"line":44,"column":37}},{"start":{"line":45,"column":20},"end":{"line":45,"column":61}},{"start":{"line":46,"column":20},"end":{"line":46,"column":70}},{"start":{"line":47,"column":20},"end":{"line":47,"column":26}}]},"3":{"line":51,"type":"cond-expr","locations":[{"start":{"line":52,"column":14},"end":{"line":52,"column":20}},{"start":{"line":53,"column":14},"end":{"line":53,"column":20}}]},"4":{"line":55,"type":"binary-expr","locations":[{"start":{"line":55,"column":16},"end":{"line":55,"column":44}},{"start":{"line":55,"column":49},"end":{"line":57,"column":43}}]},"5":{"line":55,"type":"cond-expr","locations":[{"start":{"line":56,"column":14},"end":{"line":56,"column":52}},{"start":{"line":57,"column":14},"end":{"line":57,"column":43}}]},"6":{"line":61,"type":"switch","locations":[{"start":{"line":68,"column":4},"end":{"line":150,"column":14},"skip":true},{"start":{"line":156,"column":4},"end":{"line":324,"column":14},"skip":true}]},"7":{"line":70,"type":"if","locations":[{"start":{"line":70,"column":12},"end":{"line":70,"column":12},"skip":true},{"start":{"line":70,"column":12},"end":{"line":70,"column":12},"skip":true}]},"8":{"line":70,"type":"binary-expr","locations":[{"start":{"line":70,"column":16},"end":{"line":70,"column":22},"skip":true},{"start":{"line":70,"column":27},"end":{"line":70,"column":32},"skip":true},{"start":{"line":71,"column":20},"end":{"line":71,"column":39},"skip":true},{"start":{"line":72,"column":20},"end":{"line":72,"column":49},"skip":true},{"start":{"line":73,"column":20},"end":{"line":73,"column":58},"skip":true},{"start":{"line":74,"column":20},"end":{"line":74,"column":69},"skip":true}]},"9":{"line":79,"type":"switch","locations":[{"start":{"line":80,"column":20},"end":{"line":80,"column":33},"skip":true},{"start":{"line":81,"column":20},"end":{"line":83,"column":30},"skip":true},{"start":{"line":84,"column":20},"end":{"line":85,"column":49},"skip":true}]},"10":{"line":89,"type":"switch","locations":[{"start":{"line":90,"column":12},"end":{"line":103,"column":22},"skip":true},{"start":{"line":105,"column":12},"end":{"line":106,"column":22},"skip":true}]},"11":{"line":89,"type":"binary-expr","locations":[{"start":{"line":89,"column":20},"end":{"line":89,"column":25},"skip":true},{"start":{"line":89,"column":29},"end":{"line":89,"column":48},"skip":true},{"start":{"line":89,"column":52},"end":{"line":89,"column":74},"skip":true}]},"12":{"line":92,"type":"if","locations":[{"start":{"line":92,"column":16},"end":{"line":92,"column":16},"skip":true},{"start":{"line":92,"column":16},"end":{"line":92,"column":16},"skip":true}]},"13":{"line":108,"type":"if","locations":[{"start":{"line":108,"column":12},"end":{"line":108,"column":12},"skip":true},{"start":{"line":108,"column":12},"end":{"line":108,"column":12},"skip":true}]},"14":{"line":108,"type":"binary-expr","locations":[{"start":{"line":108,"column":16},"end":{"line":108,"column":61},"skip":true},{"start":{"line":108,"column":66},"end":{"line":108,"column":72},"skip":true},{"start":{"line":108,"column":77},"end":{"line":108,"column":82},"skip":true},{"start":{"line":109,"column":20},"end":{"line":109,"column":39},"skip":true},{"start":{"line":110,"column":20},"end":{"line":110,"column":49},"skip":true},{"start":{"line":111,"column":20},"end":{"line":111,"column":58},"skip":true},{"start":{"line":112,"column":20},"end":{"line":112,"column":68},"skip":true}]},"15":{"line":129,"type":"if","locations":[{"start":{"line":129,"column":16},"end":{"line":129,"column":16},"skip":true},{"start":{"line":129,"column":16},"end":{"line":129,"column":16},"skip":true}]},"16":{"line":134,"type":"cond-expr","locations":[{"start":{"line":135,"column":26},"end":{"line":135,"column":29},"skip":true},{"start":{"line":136,"column":26},"end":{"line":136,"column":54},"skip":true}]},"17":{"line":164,"type":"binary-expr","locations":[{"start":{"line":164,"column":27},"end":{"line":164,"column":43},"skip":true},{"start":{"line":164,"column":47},"end":{"line":164,"column":49},"skip":true}]},"18":{"line":258,"type":"if","locations":[{"start":{"line":258,"column":8},"end":{"line":258,"column":8},"skip":true},{"start":{"line":258,"column":8},"end":{"line":258,"column":8},"skip":true}]},"19":{"line":275,"type":"switch","locations":[{"start":{"line":276,"column":20},"end":{"line":277,"column":64},"skip":true},{"start":{"line":278,"column":20},"end":{"line":279,"column":40},"skip":true},{"start":{"line":280,"column":20},"end":{"line":281,"column":40},"skip":true},{"start":{"line":282,"column":20},"end":{"line":283,"column":39},"skip":true}]},"20":{"line":288,"type":"if","locations":[{"start":{"line":288,"column":8},"end":{"line":288,"column":8},"skip":true},{"start":{"line":288,"column":8},"end":{"line":288,"column":8},"skip":true}]},"21":{"line":288,"type":"binary-expr","locations":[{"start":{"line":288,"column":12},"end":{"line":288,"column":40},"skip":true},{"start":{"line":288,"column":44},"end":{"line":288,"column":67},"skip":true}]},"22":{"line":292,"type":"binary-expr","locations":[{"start":{"line":292,"column":12},"end":{"line":292,"column":50},"skip":true},{"start":{"line":293,"column":12},"end":{"line":293,"column":53},"skip":true}]},"23":{"line":297,"type":"binary-expr","locations":[{"start":{"line":297,"column":12},"end":{"line":297,"column":66},"skip":true},{"start":{"line":298,"column":12},"end":{"line":301,"column":36},"skip":true}]},"24":{"line":303,"type":"binary-expr","locations":[{"start":{"line":303,"column":43},"end":{"line":303,"column":75},"skip":true},{"start":{"line":303,"column":79},"end":{"line":303,"column":81},"skip":true}]},"25":{"line":306,"type":"if","locations":[{"start":{"line":306,"column":8},"end":{"line":306,"column":8},"skip":true},{"start":{"line":306,"column":8},"end":{"line":306,"column":8},"skip":true}]},"26":{"line":310,"type":"if","locations":[{"start":{"line":310,"column":8},"end":{"line":310,"column":8},"skip":true},{"start":{"line":310,"column":8},"end":{"line":310,"column":8},"skip":true}]},"27":{"line":313,"type":"binary-expr","locations":[{"start":{"line":313,"column":27},"end":{"line":313,"column":43},"skip":true},{"start":{"line":313,"column":47},"end":{"line":313,"column":53},"skip":true}]},"28":{"line":317,"type":"if","locations":[{"start":{"line":317,"column":12},"end":{"line":317,"column":12},"skip":true},{"start":{"line":317,"column":12},"end":{"line":317,"column":12},"skip":true}]}},"code":["/*","example.js","","quickstart example","","instruction","    1. save this script as example.js","    2. run the shell command:","        $ npm install npmtest-argparse && PORT=8081 node example.js","    3. play with the browser-demo on http://127.0.0.1:8081","*/","","","","/* istanbul instrument in package npmtest_argparse */","/*jslint","    bitwise: true,","    browser: true,","    maxerr: 8,","    maxlen: 96,","    node: true,","    nomen: true,","    regexp: true,","    stupid: true","*/","(function () {","    'use strict';","    var local;","","","","    // run shared js-env code - init-before","    (function () {","        // init local","        local = {};","        // init modeJs","        local.modeJs = (function () {","            try {","                return typeof navigator.userAgent === 'string' &&","                    typeof document.querySelector('body') === 'object' &&","                    typeof XMLHttpRequest.prototype.open === 'function' &&","                    'browser';","            } catch (errorCaughtBrowser) {","                return module.exports &&","                    typeof process.versions.node === 'string' &&","                    typeof require('http').createServer === 'function' &&","                    'node';","            }","        }());","        // init global","        local.global = local.modeJs === 'browser'","            ? window","            : global;","        // init utility2_rollup","        local = local.global.utility2_rollup || (local.modeJs === 'browser'","            ? local.global.utility2_npmtest_argparse","            : global.utility2_moduleExports);","        // export local","        local.global.local = local;","    }());","    switch (local.modeJs) {","","","","    // init-after","    // run browser js-env code - init-after","    /* istanbul ignore next */","    case 'browser':","        local.testRunBrowser = function (event) {","            if (!event || (event &&","                    event.currentTarget &&","                    event.currentTarget.className &&","                    event.currentTarget.className.includes &&","                    event.currentTarget.className.includes('onreset'))) {","                // reset output","                Array.from(","                    document.querySelectorAll('body > .resettable')","                ).forEach(function (element) {","                    switch (element.tagName) {","                    case 'INPUT':","                    case 'TEXTAREA':","                        element.value = '';","                        break;","                    default:","                        element.textContent = '';","                    }","                });","            }","            switch (event && event.currentTarget && event.currentTarget.id) {","            case 'testRunButton1':","                // show tests","                if (document.querySelector('#testReportDiv1').style.display === 'none') {","                    document.querySelector('#testReportDiv1').style.display = 'block';","                    document.querySelector('#testRunButton1').textContent =","                        'hide internal test';","                    local.modeTest = true;","                    local.testRunDefault(local);","                // hide tests","                } else {","                    document.querySelector('#testReportDiv1').style.display = 'none';","                    document.querySelector('#testRunButton1').textContent = 'run internal test';","                }","                break;","            // custom-case","            default:","                break;","            }","            if (document.querySelector('#inputTextareaEval1') && (!event || (event &&","                    event.currentTarget &&","                    event.currentTarget.className &&","                    event.currentTarget.className.includes &&","                    event.currentTarget.className.includes('oneval')))) {","                // try to eval input-code","                try {","                    /*jslint evil: true*/","                    eval(document.querySelector('#inputTextareaEval1').value);","                } catch (errorCaught) {","                    console.error(errorCaught);","                }","            }","        };","        // log stderr and stdout to #outputTextareaStdout1","        ['error', 'log'].forEach(function (key) {","            console[key + '_original'] = console[key];","            console[key] = function () {","                var element;","                console[key + '_original'].apply(console, arguments);","                element = document.querySelector('#outputTextareaStdout1');","                if (!element) {","                    return;","                }","                // append text to #outputTextareaStdout1","                element.value += Array.from(arguments).map(function (arg) {","                    return typeof arg === 'string'","                        ? arg","                        : JSON.stringify(arg, null, 4);","                }).join(' ') + '\\n';","                // scroll textarea to bottom","                element.scrollTop = element.scrollHeight;","            };","        });","        // init event-handling","        ['change', 'click', 'keyup'].forEach(function (event) {","            Array.from(document.querySelectorAll('.on' + event)).forEach(function (element) {","                element.addEventListener(event, local.testRunBrowser);","            });","        });","        // run tests","        local.testRunBrowser();","        break;","","","","    // run node js-env code - init-after","    /* istanbul ignore next */","    case 'node':","        // export local","        module.exports = local;","        // require modules","        local.fs = require('fs');","        local.http = require('http');","        local.url = require('url');","        // init assets","        local.assetsDict = local.assetsDict || {};","        /* jslint-ignore-begin */","        local.assetsDict['/assets.index.template.html'] = '\\","<!doctype html>\\n\\","<html lang=\"en\">\\n\\","<head>\\n\\","<meta charset=\"UTF-8\">\\n\\","<meta name=\"viewport\" content=\"width=device-width, initial-scale=1\">\\n\\","<title>{{env.npm_package_name}} (v{{env.npm_package_version}})</title>\\n\\","<style>\\n\\","/*csslint\\n\\","    box-sizing: false,\\n\\","    universal-selector: false\\n\\","*/\\n\\","* {\\n\\","    box-sizing: border-box;\\n\\","}\\n\\","body {\\n\\","    background: #dde;\\n\\","    font-family: Arial, Helvetica, sans-serif;\\n\\","    margin: 2rem;\\n\\","}\\n\\","body > * {\\n\\","    margin-bottom: 1rem;\\n\\","}\\n\\",".utility2FooterDiv {\\n\\","    margin-top: 20px;\\n\\","    text-align: center;\\n\\","}\\n\\","</style>\\n\\","<style>\\n\\","/*csslint\\n\\","*/\\n\\","textarea {\\n\\","    font-family: monospace;\\n\\","    height: 10rem;\\n\\","    width: 100%;\\n\\","}\\n\\","textarea[readonly] {\\n\\","    background: #ddd;\\n\\","}\\n\\","</style>\\n\\","</head>\\n\\","<body>\\n\\","<!-- utility2-comment\\n\\","<div id=\"ajaxProgressDiv1\" style=\"background: #d00; height: 2px; left: 0; margin: 0; padding: 0; position: fixed; top: 0; transition: background 0.5s, width 1.5s; width: 25%;\"></div>\\n\\","utility2-comment -->\\n\\","<h1>\\n\\","<!-- utility2-comment\\n\\","    <a\\n\\","        {{#if env.npm_package_homepage}}\\n\\","        href=\"{{env.npm_package_homepage}}\"\\n\\","        {{/if env.npm_package_homepage}}\\n\\","        target=\"_blank\"\\n\\","    >\\n\\","utility2-comment -->\\n\\","        {{env.npm_package_name}} (v{{env.npm_package_version}})\\n\\","<!-- utility2-comment\\n\\","    </a>\\n\\","utility2-comment -->\\n\\","</h1>\\n\\","<h3>{{env.npm_package_description}}</h3>\\n\\","<!-- utility2-comment\\n\\","<h4><a download href=\"assets.app.js\">download standalone app</a></h4>\\n\\","<button class=\"onclick onreset\" id=\"testRunButton1\">run internal test</button><br>\\n\\","<div id=\"testReportDiv1\" style=\"display: none;\"></div>\\n\\","utility2-comment -->\\n\\","\\n\\","\\n\\","\\n\\","<label>stderr and stdout</label>\\n\\","<textarea class=\"resettable\" id=\"outputTextareaStdout1\" readonly></textarea>\\n\\","<!-- utility2-comment\\n\\","{{#if isRollup}}\\n\\","<script src=\"assets.app.js\"></script>\\n\\","{{#unless isRollup}}\\n\\","utility2-comment -->\\n\\","<script src=\"assets.utility2.rollup.js\"></script>\\n\\","<script src=\"jsonp.utility2._stateInit?callback=window.utility2._stateInit\"></script>\\n\\","<script src=\"assets.npmtest_argparse.rollup.js\"></script>\\n\\","<script src=\"assets.example.js\"></script>\\n\\","<script src=\"assets.test.js\"></script>\\n\\","<!-- utility2-comment\\n\\","{{/if isRollup}}\\n\\","utility2-comment -->\\n\\","<div class=\"utility2FooterDiv\">\\n\\","    [ this app was created with\\n\\","    <a href=\"https://github.com/kaizhu256/node-utility2\" target=\"_blank\">utility2</a>\\n\\","    ]\\n\\","</div>\\n\\","</body>\\n\\","</html>\\n\\","';","        /* jslint-ignore-end */","        if (local.templateRender) {","            local.assetsDict['/'] = local.templateRender(","                local.assetsDict['/assets.index.template.html'],","                {","                    env: local.objectSetDefault(local.env, {","                        npm_package_description: 'the greatest app in the world!',","                        npm_package_name: 'my-app',","                        npm_package_nameAlias: 'my_app',","                        npm_package_version: '0.0.1'","                    })","                }","            );","        } else {","            local.assetsDict['/'] = local.assetsDict['/assets.index.template.html']","                .replace((/\\{\\{env\\.(\\w+?)\\}\\}/g), function (match0, match1) {","                    // jslint-hack","                    String(match0);","                    switch (match1) {","                    case 'npm_package_description':","                        return 'the greatest app in the world!';","                    case 'npm_package_name':","                        return 'my-app';","                    case 'npm_package_nameAlias':","                        return 'my_app';","                    case 'npm_package_version':","                        return '0.0.1';","                    }","                });","        }","        // run the cli","        if (local.global.utility2_rollup || module !== require.main) {","            break;","        }","        local.assetsDict['/assets.example.js'] =","            local.assetsDict['/assets.example.js'] ||","            local.fs.readFileSync(__filename, 'utf8');","        // bug-workaround - long $npm_package_buildCustomOrg","        /* jslint-ignore-begin */","        local.assetsDict['/assets.npmtest_argparse.rollup.js'] =","            local.assetsDict['/assets.npmtest_argparse.rollup.js'] ||","            local.fs.readFileSync(","                local.npmtest_argparse.__dirname + '/lib.npmtest_argparse.js',","                'utf8'","            ).replace((/^#!/), '//');","        /* jslint-ignore-end */","        local.assetsDict['/favicon.ico'] = local.assetsDict['/favicon.ico'] || '';","        // if $npm_config_timeout_exit exists,","        // then exit this process after $npm_config_timeout_exit ms","        if (Number(process.env.npm_config_timeout_exit)) {","            setTimeout(process.exit, Number(process.env.npm_config_timeout_exit));","        }","        // start server","        if (local.global.utility2_serverHttp1) {","            break;","        }","        process.env.PORT = process.env.PORT || '8081';","        console.error('server starting on port ' + process.env.PORT);","        local.http.createServer(function (request, response) {","            request.urlParsed = local.url.parse(request.url);","            if (local.assetsDict[request.urlParsed.pathname] !== undefined) {","                response.end(local.assetsDict[request.urlParsed.pathname]);","                return;","            }","            response.statusCode = 404;","            response.end();","        }).listen(process.env.PORT);","        break;","    }","}());",""],"l":{"26":2,"28":2,"33":2,"35":2,"37":2,"38":2,"39":2,"44":1,"51":2,"55":2,"59":2,"61":2,"69":1,"70":2,"76":2,"79":2,"82":2,"83":2,"85":1,"89":2,"92":1,"93":1,"94":1,"96":1,"97":1,"100":1,"101":1,"103":1,"106":1,"108":2,"114":1,"116":1,"118":1,"123":1,"124":2,"125":2,"126":3,"127":3,"128":3,"129":3,"130":1,"133":3,"134":3,"139":3,"143":1,"144":3,"145":1,"149":1,"150":1,"158":1,"160":1,"161":1,"162":1,"164":1,"166":1,"258":1,"259":1,"271":1,"274":6,"275":6,"277":1,"279":2,"281":1,"283":2,"288":1,"289":1,"291":1,"296":1,"303":1,"306":1,"307":1,"310":1,"311":1,"313":1,"314":1,"315":1,"316":1,"317":1,"318":1,"319":1,"321":1,"322":1,"324":1}},"/home/travis/build/npmtest/node-npmtest-argparse/node_modules/argparse/index.js":{"path":"/home/travis/build/npmtest/node-npmtest-argparse/node_modules/argparse/index.js","s":{"1":1},"b":{},"f":{},"fnMap":{},"statementMap":{"1":{"start":{"line":3,"column":0},"end":{"line":3,"column":43}}},"branchMap":{},"code":["'use strict';","","module.exports = require('./lib/argparse');",""],"l":{"3":1}},"/home/travis/build/npmtest/node-npmtest-argparse/node_modules/argparse/lib/argparse.js":{"path":"/home/travis/build/npmtest/node-npmtest-argparse/node_modules/argparse/lib/argparse.js","s":{"1":1,"2":1,"3":1,"4":1,"5":1,"6":1,"7":1,"8":1},"b":{},"f":{},"fnMap":{},"statementMap":{"1":{"start":{"line":3,"column":0},"end":{"line":3,"column":64}},"2":{"start":{"line":4,"column":0},"end":{"line":4,"column":50}},"3":{"start":{"line":5,"column":0},"end":{"line":5,"column":44}},"4":{"start":{"line":6,"column":0},"end":{"line":6,"column":62}},"5":{"start":{"line":7,"column":0},"end":{"line":7,"column":45}},"6":{"start":{"line":9,"column":0},"end":{"line":10,"column":70}},"7":{"start":{"line":11,"column":0},"end":{"line":12,"column":68}},"8":{"start":{"line":13,"column":0},"end":{"line":14,"column":61}}},"branchMap":{},"code":["'use strict';","","module.exports.ArgumentParser = require('./argument_parser.js');","module.exports.Namespace = require('./namespace');","module.exports.Action = require('./action');","module.exports.HelpFormatter = require('./help/formatter.js');","module.exports.Const = require('./const.js');","","module.exports.ArgumentDefaultsHelpFormatter =","  require('./help/added_formatters.js').ArgumentDefaultsHelpFormatter;","module.exports.RawDescriptionHelpFormatter =","  require('./help/added_formatters.js').RawDescriptionHelpFormatter;","module.exports.RawTextHelpFormatter =","  require('./help/added_formatters.js').RawTextHelpFormatter;",""],"l":{"3":1,"4":1,"5":1,"6":1,"7":1,"9":1,"11":1,"13":1}},"/home/travis/build/npmtest/node-npmtest-argparse/node_modules/argparse/lib/argument_parser.js":{"path":"/home/travis/build/npmtest/node-npmtest-argparse/node_modules/argparse/lib/argument_parser.js","s":{"1":1,"2":1,"3":1,"4":1,"5":1,"6":1,"7":1,"8":1,"9":1,"10":1,"11":1,"12":0,"13":0,"14":0,"15":0,"16":0,"17":0,"18":0,"19":0,"20":0,"21":0,"22":0,"23":0,"24":0,"25":0,"26":0,"27":0,"28":0,"29":0,"30":0,"31":0,"32":0,"33":0,"34":1,"35":0,"36":0,"37":0,"38":0,"39":0,"40":0,"41":0,"42":0,"43":0,"44":0,"45":0,"46":0,"47":0,"48":0,"49":0,"50":0,"51":0,"52":0,"53":0,"54":0,"55":0,"56":0,"57":0,"58":0,"59":0,"60":0,"61":1,"62":1,"63":0,"64":0,"65":0,"66":0,"67":0,"68":0,"69":0,"70":0,"71":0,"72":0,"73":0,"74":0,"75":0,"76":0,"77":0,"78":0,"79":0,"80":0,"81":0,"82":0,"83":0,"84":1,"85":0,"86":0,"87":0,"88":0,"89":1,"90":0,"91":0,"92":1,"93":0,"94":0,"95":1,"96":0,"97":0,"98":0,"99":0,"100":0,"101":0,"102":0,"103":1,"104":0,"105":0,"106":0,"107":0,"108":0,"109":0,"110":0,"111":0,"112":0,"113":0,"114":0,"115":0,"116":0,"117":0,"118":0,"119":0,"120":0,"121":0,"122":0,"123":0,"124":0,"125":0,"126":1,"127":0,"128":0,"129":0,"130":0,"131":1,"132":0,"133":0,"134":0,"135":0,"136":0,"137":0,"138":0,"139":0,"140":0,"141":0,"142":0,"143":0,"144":0,"145":0,"146":0,"147":0,"148":0,"149":0,"150":0,"151":0,"152":0,"153":0,"154":0,"155":0,"156":0,"157":0,"158":0,"159":0,"160":0,"161":1,"162":0,"163":0,"164":0,"165":0,"166":0,"167":0,"168":0,"169":0,"170":0,"171":0,"172":1,"173":0,"174":0,"175":0,"176":0,"177":0,"178":0,"179":0,"180":0,"181":0,"182":0,"183":0,"184":0,"185":0,"186":0,"187":0,"188":0,"189":0,"190":0,"191":0,"192":0,"193":0,"194":0,"195":0,"196":0,"197":0,"198":0,"199":0,"200":0,"201":0,"202":0,"203":0,"204":0,"205":0,"206":0,"207":0,"208":0,"209":0,"210":0,"211":0,"212":0,"213":0,"214":1,"215":0,"216":0,"217":0,"218":0,"219":0,"220":0,"221":0,"222":0,"223":0,"224":0,"225":0,"226":0,"227":0,"228":0,"229":0,"230":0,"231":0,"232":0,"233":0,"234":0,"235":0,"236":0,"237":0,"238":0,"239":0,"240":0,"241":0,"242":0,"243":0,"244":0,"245":0,"246":0,"247":0,"248":0,"249":0,"250":0,"251":0,"252":0,"253":0,"254":0,"255":0,"256":0,"257":0,"258":0,"259":0,"260":0,"261":0,"262":0,"263":0,"264":0,"265":0,"266":0,"267":0,"268":0,"269":0,"270":0,"271":0,"272":0,"273":0,"274":0,"275":0,"276":1,"277":0,"278":0,"279":0,"280":0,"281":0,"282":0,"283":0,"284":0,"285":0,"286":0,"287":0,"288":0,"289":0,"290":0,"291":0,"292":0,"293":0,"294":0,"295":1,"296":0,"297":1,"298":0,"299":0,"300":0,"301":0,"302":0,"303":0,"304":0,"305":0,"306":0,"307":0,"308":0,"309":0,"310":0,"311":0,"312":1,"313":0,"314":0,"315":0,"316":0,"317":1,"318":0,"319":0,"320":0,"321":0,"322":0,"323":0,"324":0,"325":0,"326":0,"327":0,"328":0,"329":0,"330":0,"331":1,"332":0,"333":0,"334":0,"335":0,"336":0,"337":0,"338":0,"339":0,"340":0,"341":0,"342":0,"343":0,"344":0,"345":0,"346":0,"347":0,"348":0,"349":0,"350":0,"351":0,"352":0,"353":0,"354":0,"355":0,"356":0,"357":0,"358":0,"359":0,"360":1,"361":0,"362":0,"363":0,"364":0,"365":0,"366":0,"367":0,"368":0,"369":0,"370":0,"371":0,"372":0,"373":0,"374":0,"375":0,"376":0,"377":0,"378":0,"379":0,"380":0,"381":0,"382":0,"383":0,"384":0,"385":0,"386":0,"387":0,"388":0,"389":0,"390":0,"391":0,"392":0,"393":1,"394":0,"395":0,"396":0,"397":0,"398":0,"399":0,"400":0,"401":0,"402":0,"403":0,"404":0,"405":0,"406":0,"407":0,"408":0,"409":0,"410":0,"411":0,"412":0,"413":1,"414":0,"415":0,"416":0,"417":0,"418":0,"419":0,"420":0,"421":0,"422":0,"423":0,"424":0,"425":0,"426":0,"427":0,"428":0,"429":0,"430":0,"431":0,"432":0,"433":0,"434":0,"435":0,"436":0,"437":0,"438":0,"439":0,"440":0,"441":0,"442":0,"443":1,"444":0,"445":0,"446":0,"447":0,"448":0,"449":0,"450":0,"451":0,"452":0,"453":0,"454":0,"455":0,"456":0,"457":0,"458":0,"459":0,"460":1,"461":0,"462":0,"463":0,"464":0,"465":0,"466":0,"467":0,"468":0,"469":0,"470":0,"471":0,"472":0,"473":0,"474":1,"475":0,"476":0,"477":0,"478":1,"479":0,"480":0,"481":0,"482":0,"483":0,"484":0,"485":0,"486":0,"487":0,"488":0,"489":1,"490":0,"491":0,"492":0,"493":1,"494":0,"495":1,"496":0,"497":1,"498":0,"499":0,"500":0,"501":0,"502":1,"503":0,"504":0,"505":0,"506":0,"507":0,"508":1,"509":0,"510":0,"511":0,"512":0,"513":0,"514":0,"515":0,"516":0,"517":0,"518":0,"519":0,"520":1},"b":{"1":[0,0],"2":[0,0],"3":[0,0],"4":[0,0],"5":[0,0],"6":[0,0],"7":[0,0],"8":[0,0],"9":[0,0],"10":[0,0],"11":[0,0],"12":[0,0],"13":[0,0],"14":[0,0],"15":[0,0],"16":[0,0],"17":[0,0],"18":[0,0],"19":[0,0],"20":[0,0],"21":[0,0],"22":[0,0],"23":[0,0],"24":[0,0],"25":[0,0],"26":[0,0],"27":[0,0],"28":[0,0],"29":[0,0],"30":[0,0],"31":[0,0],"32":[0,0],"33":[0,0],"34":[0,0],"35":[0,0],"36":[0,0],"37":[0,0],"38":[0,0],"39":[0,0],"40":[0,0],"41":[0,0],"42":[0,0],"43":[0,0],"44":[0,0],"45":[0,0],"46":[0,0],"47":[0,0],"48":[0,0],"49":[0,0],"50":[0,0],"51":[0,0],"52":[0,0],"53":[0,0],"54":[0,0],"55":[0,0],"56":[0,0],"57":[0,0],"58":[0,0],"59":[0,0],"60":[0,0],"61":[0,0],"62":[0,0],"63":[0,0],"64":[0,0],"65":[0,0],"66":[0,0],"67":[0,0,0,0,0],"68":[0,0],"69":[0,0],"70":[0,0],"71":[0,0],"72":[0,0],"73":[0,0],"74":[0,0],"75":[0,0],"76":[0,0],"77":[0,0],"78":[0,0],"79":[0,0],"80":[0,0],"81":[0,0],"82":[0,0],"83":[0,0],"84":[0,0],"85":[0,0],"86":[0,0],"87":[0,0],"88":[0,0],"89":[0,0],"90":[0,0,0,0,0,0,0,0],"91":[0,0],"92":[0,0],"93":[0,0],"94":[0,0],"95":[0,0],"96":[0,0],"97":[0,0],"98":[0,0],"99":[0,0,0],"100":[0,0],"101":[0,0],"102":[0,0,0],"103":[0,0],"104":[0,0],"105":[0,0],"106":[0,0],"107":[0,0,0],"108":[0,0],"109":[0,0],"110":[0,0],"111":[0,0,0],"112":[0,0],"113":[0,0,0],"114":[0,0],"115":[0,0],"116":[0,0],"117":[0,0],"118":[0,0],"119":[0,0],"120":[0,0],"121":[0,0],"122":[0,0]},"f":{"1":0,"2":0,"3":0,"4":0,"5":0,"6":0,"7":0,"8":0,"9":0,"10":0,"11":0,"12":0,"13":0,"14":0,"15":0,"16":0,"17":0,"18":0,"19":0,"20":0,"21":0,"22":0,"23":0,"24":0,"25":0,"26":0,"27":0,"28":0,"29":0,"30":0,"31":0,"32":0,"33":0,"34":0,"35":0,"36":0,"37":0,"38":0,"39":0,"40":0,"41":0,"42":0,"43":0,"44":0,"45":0,"46":0,"47":0,"48":0,"49":0,"50":0,"51":0,"52":0,"53":0,"54":0,"55":0,"56":0,"57":0,"58":0,"59":0},"fnMap":{"1":{"name":"ArgumentParser","line":55,"loc":{"start":{"line":55,"column":0},"end":{"line":55,"column":33}}},"2":{"name":"FUNCTION_IDENTITY","line":86,"loc":{"start":{"line":86,"column":2},"end":{"line":86,"column":32}}},"3":{"name":"(anonymous_3)","line":91,"loc":{"start":{"line":91,"column":31},"end":{"line":91,"column":44}}},"4":{"name":"(anonymous_4)","line":98,"loc":{"start":{"line":98,"column":33},"end":{"line":98,"column":46}}},"5":{"name":"(anonymous_5)","line":105,"loc":{"start":{"line":105,"column":34},"end":{"line":105,"column":47}}},"6":{"name":"(anonymous_6)","line":134,"loc":{"start":{"line":134,"column":26},"end":{"line":134,"column":44}}},"7":{"name":"(anonymous_7)","line":156,"loc":{"start":{"line":156,"column":41},"end":{"line":156,"column":60}}},"8":{"name":"(anonymous_8)","line":199,"loc":{"start":{"line":199,"column":38},"end":{"line":199,"column":56}}},"9":{"name":"(anonymous_9)","line":208,"loc":{"start":{"line":208,"column":47},"end":{"line":208,"column":59}}},"10":{"name":"(anonymous_10)","line":209,"loc":{"start":{"line":209,"column":30},"end":{"line":209,"column":48}}},"11":{"name":"(anonymous_11)","line":214,"loc":{"start":{"line":214,"column":49},"end":{"line":214,"column":61}}},"12":{"name":"(anonymous_12)","line":215,"loc":{"start":{"line":215,"column":30},"end":{"line":215,"column":48}}},"13":{"name":"(anonymous_13)","line":232,"loc":{"start":{"line":232,"column":37},"end":{"line":232,"column":64}}},"14":{"name":"(anonymous_14)","line":258,"loc":{"start":{"line":258,"column":42},"end":{"line":258,"column":69}}},"15":{"name":"(anonymous_15)","line":267,"loc":{"start":{"line":267,"column":24},"end":{"line":267,"column":42}}},"16":{"name":"(anonymous_16)","line":281,"loc":{"start":{"line":281,"column":38},"end":{"line":281,"column":54}}},"17":{"name":"(anonymous_17)","line":301,"loc":{"start":{"line":301,"column":43},"end":{"line":301,"column":76}}},"18":{"name":"actionHash","line":316,"loc":{"start":{"line":316,"column":2},"end":{"line":316,"column":30}}},"19":{"name":"(anonymous_19)","line":326,"loc":{"start":{"line":326,"column":40},"end":{"line":326,"column":62}}},"20":{"name":"(anonymous_20)","line":327,"loc":{"start":{"line":327,"column":37},"end":{"line":327,"column":77}}},"21":{"name":"(anonymous_21)","line":345,"loc":{"start":{"line":345,"column":21},"end":{"line":345,"column":58}}},"22":{"name":"takeAction","line":372,"loc":{"start":{"line":372,"column":2},"end":{"line":372,"column":61}}},"23":{"name":"(anonymous_23)","line":382,"loc":{"start":{"line":382,"column":52},"end":{"line":382,"column":78}}},"24":{"name":"consumeOptional","line":398,"loc":{"start":{"line":398,"column":2},"end":{"line":398,"column":39}}},"25":{"name":"consumePositionals","line":482,"loc":{"start":{"line":482,"column":2},"end":{"line":482,"column":42}}},"26":{"name":"(anonymous_26)","line":514,"loc":{"start":{"line":514,"column":43},"end":{"line":514,"column":63}}},"27":{"name":"(anonymous_27)","line":572,"loc":{"start":{"line":572,"column":24},"end":{"line":572,"column":42}}},"28":{"name":"(anonymous_28)","line":582,"loc":{"start":{"line":582,"column":40},"end":{"line":582,"column":57}}},"29":{"name":"(anonymous_29)","line":584,"loc":{"start":{"line":584,"column":44},"end":{"line":584,"column":62}}},"30":{"name":"(anonymous_30)","line":591,"loc":{"start":{"line":591,"column":36},"end":{"line":591,"column":54}}},"31":{"name":"(anonymous_31)","line":607,"loc":{"start":{"line":607,"column":46},"end":{"line":607,"column":68}}},"32":{"name":"(anonymous_32)","line":612,"loc":{"start":{"line":612,"column":21},"end":{"line":612,"column":42}}},"33":{"name":"(anonymous_33)","line":623,"loc":{"start":{"line":623,"column":24},"end":{"line":623,"column":43}}},"34":{"name":"(anonymous_34)","line":624,"loc":{"start":{"line":624,"column":53},"end":{"line":624,"column":68}}},"35":{"name":"(anonymous_35)","line":638,"loc":{"start":{"line":638,"column":48},"end":{"line":638,"column":67}}},"36":{"name":"(anonymous_36)","line":642,"loc":{"start":{"line":642,"column":42},"end":{"line":642,"column":78}}},"37":{"name":"(anonymous_37)","line":676,"loc":{"start":{"line":676,"column":50},"end":{"line":676,"column":87}}},"38":{"name":"getLength","line":684,"loc":{"start":{"line":684,"column":2},"end":{"line":684,"column":29}}},"39":{"name":"(anonymous_39)","line":710,"loc":{"start":{"line":710,"column":42},"end":{"line":710,"column":63}}},"40":{"name":"(anonymous_40)","line":750,"loc":{"start":{"line":750,"column":41},"end":{"line":750,"column":64}}},"41":{"name":"(anonymous_41)","line":781,"loc":{"start":{"line":781,"column":44},"end":{"line":781,"column":68}}},"42":{"name":"(anonymous_42)","line":837,"loc":{"start":{"line":837,"column":44},"end":{"line":837,"column":62}}},"43":{"name":"(anonymous_43)","line":887,"loc":{"start":{"line":887,"column":38},"end":{"line":887,"column":68}}},"44":{"name":"(anonymous_44)","line":892,"loc":{"start":{"line":892,"column":35},"end":{"line":892,"column":59}}},"45":{"name":"(anonymous_45)","line":927,"loc":{"start":{"line":927,"column":27},"end":{"line":927,"column":40}}},"46":{"name":"(anonymous_46)","line":933,"loc":{"start":{"line":933,"column":27},"end":{"line":933,"column":40}}},"47":{"name":"(anonymous_47)","line":940,"loc":{"start":{"line":940,"column":27},"end":{"line":940,"column":40}}},"48":{"name":"(anonymous_48)","line":943,"loc":{"start":{"line":943,"column":18},"end":{"line":943,"column":31}}},"49":{"name":"(anonymous_49)","line":952,"loc":{"start":{"line":952,"column":37},"end":{"line":952,"column":66}}},"50":{"name":"(anonymous_50)","line":984,"loc":{"start":{"line":984,"column":39},"end":{"line":984,"column":64}}},"51":{"name":"(anonymous_51)","line":1023,"loc":{"start":{"line":1023,"column":39},"end":{"line":1023,"column":51}}},"52":{"name":"(anonymous_52)","line":1038,"loc":{"start":{"line":1038,"column":38},"end":{"line":1038,"column":50}}},"53":{"name":"(anonymous_53)","line":1048,"loc":{"start":{"line":1048,"column":29},"end":{"line":1048,"column":52}}},"54":{"name":"(anonymous_54)","line":1062,"loc":{"start":{"line":1062,"column":41},"end":{"line":1062,"column":53}}},"55":{"name":"(anonymous_55)","line":1081,"loc":{"start":{"line":1081,"column":38},"end":{"line":1081,"column":50}}},"56":{"name":"(anonymous_56)","line":1094,"loc":{"start":{"line":1094,"column":37},"end":{"line":1094,"column":49}}},"57":{"name":"(anonymous_57)","line":1098,"loc":{"start":{"line":1098,"column":41},"end":{"line":1098,"column":68}}},"58":{"name":"(anonymous_58)","line":1118,"loc":{"start":{"line":1118,"column":32},"end":{"line":1118,"column":59}}},"59":{"name":"(anonymous_59)","line":1140,"loc":{"start":{"line":1140,"column":33},"end":{"line":1140,"column":48}}}},"statementMap":{"1":{"start":{"line":10,"column":0},"end":{"line":10,"column":30}},"2":{"start":{"line":11,"column":0},"end":{"line":11,"column":37}},"3":{"start":{"line":12,"column":0},"end":{"line":12,"column":30}},"4":{"start":{"line":13,"column":0},"end":{"line":13,"column":44}},"5":{"start":{"line":16,"column":0},"end":{"line":16,"column":27}},"6":{"start":{"line":18,"column":0},"end":{"line":18,"column":28}},"7":{"start":{"line":20,"column":0},"end":{"line":20,"column":52}},"8":{"start":{"line":23,"column":0},"end":{"line":23,"column":54}},"9":{"start":{"line":25,"column":0},"end":{"line":25,"column":48}},"10":{"start":{"line":27,"column":0},"end":{"line":27,"column":39}},"11":{"start":{"line":55,"column":0},"end":{"line":144,"column":1}},"12":{"start":{"line":56,"column":2},"end":{"line":58,"column":3}},"13":{"start":{"line":57,"column":4},"end":{"line":57,"column":39}},"14":{"start":{"line":59,"column":2},"end":{"line":59,"column":18}},"15":{"start":{"line":60,"column":2},"end":{"line":60,"column":26}},"16":{"start":{"line":62,"column":2},"end":{"line":62,"column":54}},"17":{"start":{"line":63,"column":2},"end":{"line":63,"column":62}},"18":{"start":{"line":64,"column":2},"end":{"line":64,"column":53}},"19":{"start":{"line":65,"column":2},"end":{"line":65,"column":65}},"20":{"start":{"line":66,"column":2},"end":{"line":66,"column":38}},"21":{"start":{"line":68,"column":2},"end":{"line":68,"column":80}},"22":{"start":{"line":69,"column":2},"end":{"line":69,"column":42}},"23":{"start":{"line":71,"column":2},"end":{"line":71,"column":66}},"24":{"start":{"line":72,"column":2},"end":{"line":72,"column":27}},"25":{"start":{"line":73,"column":2},"end":{"line":73,"column":29}},"26":{"start":{"line":74,"column":2},"end":{"line":74,"column":31}},"27":{"start":{"line":75,"column":2},"end":{"line":75,"column":33}},"28":{"start":{"line":77,"column":2},"end":{"line":77,"column":40}},"29":{"start":{"line":79,"column":2},"end":{"line":79,"column":66}},"30":{"start":{"line":80,"column":2},"end":{"line":80,"column":65}},"31":{"start":{"line":81,"column":2},"end":{"line":81,"column":79}},"32":{"start":{"line":82,"column":2},"end":{"line":82,"column":75}},"33":{"start":{"line":83,"column":2},"end":{"line":83,"column":26}},"34":{"start":{"line":86,"column":2},"end":{"line":88,"column":3}},"35":{"start":{"line":87,"column":4},"end":{"line":87,"column":13}},"36":{"start":{"line":89,"column":2},"end":{"line":89,"column":51}},"37":{"start":{"line":90,"column":2},"end":{"line":90,"column":49}},"38":{"start":{"line":91,"column":2},"end":{"line":97,"column":5}},"39":{"start":{"line":92,"column":4},"end":{"line":92,"column":33}},"40":{"start":{"line":93,"column":4},"end":{"line":95,"column":5}},"41":{"start":{"line":94,"column":6},"end":{"line":94,"column":54}},"42":{"start":{"line":96,"column":4},"end":{"line":96,"column":18}},"43":{"start":{"line":98,"column":2},"end":{"line":104,"column":5}},"44":{"start":{"line":99,"column":4},"end":{"line":99,"column":31}},"45":{"start":{"line":100,"column":4},"end":{"line":102,"column":5}},"46":{"start":{"line":101,"column":6},"end":{"line":101,"column":52}},"47":{"start":{"line":103,"column":4},"end":{"line":103,"column":18}},"48":{"start":{"line":105,"column":2},"end":{"line":107,"column":5}},"49":{"start":{"line":106,"column":4},"end":{"line":106,"column":18}},"50":{"start":{"line":110,"column":2},"end":{"line":110,"column":87}},"51":{"start":{"line":111,"column":2},"end":{"line":120,"column":3}},"52":{"start":{"line":112,"column":4},"end":{"line":119,"column":6}},"53":{"start":{"line":121,"column":2},"end":{"line":131,"column":3}},"54":{"start":{"line":122,"column":4},"end":{"line":130,"column":6}},"55":{"start":{"line":134,"column":2},"end":{"line":143,"column":5}},"56":{"start":{"line":135,"column":4},"end":{"line":135,"column":38}},"57":{"start":{"line":136,"column":4},"end":{"line":142,"column":5}},"58":{"start":{"line":137,"column":6},"end":{"line":141,"column":7}},"59":{"start":{"line":138,"column":8},"end":{"line":140,"column":9}},"60":{"start":{"line":139,"column":10},"end":{"line":139,"column":68}},"61":{"start":{"line":146,"column":0},"end":{"line":146,"column":47}},"62":{"start":{"line":156,"column":0},"end":{"line":197,"column":2}},"63":{"start":{"line":157,"column":2},"end":{"line":159,"column":3}},"64":{"start":{"line":158,"column":4},"end":{"line":158,"column":60}},"65":{"start":{"line":161,"column":2},"end":{"line":161,"column":26}},"66":{"start":{"line":162,"column":2},"end":{"line":162,"column":40}},"67":{"start":{"line":163,"column":2},"end":{"line":163,"column":29}},"68":{"start":{"line":164,"column":2},"end":{"line":164,"column":64}},"69":{"start":{"line":167,"column":2},"end":{"line":178,"column":3}},"70":{"start":{"line":169,"column":4},"end":{"line":172,"column":7}},"71":{"start":{"line":173,"column":4},"end":{"line":173,"column":25}},"72":{"start":{"line":174,"column":4},"end":{"line":174,"column":31}},"73":{"start":{"line":177,"column":4},"end":{"line":177,"column":41}},"74":{"start":{"line":182,"column":2},"end":{"line":188,"column":3}},"75":{"start":{"line":183,"column":4},"end":{"line":183,"column":41}},"76":{"start":{"line":184,"column":4},"end":{"line":184,"column":51}},"77":{"start":{"line":185,"column":4},"end":{"line":185,"column":47}},"78":{"start":{"line":186,"column":4},"end":{"line":186,"column":60}},"79":{"start":{"line":187,"column":4},"end":{"line":187,"column":49}},"80":{"start":{"line":191,"column":2},"end":{"line":191,"column":62}},"81":{"start":{"line":192,"column":2},"end":{"line":192,"column":41}},"82":{"start":{"line":193,"column":2},"end":{"line":193,"column":38}},"83":{"start":{"line":196,"column":2},"end":{"line":196,"column":16}},"84":{"start":{"line":199,"column":0},"end":{"line":206,"column":2}},"85":{"start":{"line":200,"column":2},"end":{"line":204,"column":3}},"86":{"start":{"line":201,"column":4},"end":{"line":201,"column":39}},"87":{"start":{"line":203,"column":4},"end":{"line":203,"column":41}},"88":{"start":{"line":205,"column":2},"end":{"line":205,"column":16}},"89":{"start":{"line":208,"column":0},"end":{"line":212,"column":2}},"90":{"start":{"line":209,"column":2},"end":{"line":211,"column":5}},"91":{"start":{"line":210,"column":4},"end":{"line":210,"column":31}},"92":{"start":{"line":214,"column":0},"end":{"line":218,"column":2}},"93":{"start":{"line":215,"column":2},"end":{"line":217,"column":5}},"94":{"start":{"line":216,"column":4},"end":{"line":216,"column":33}},"95":{"start":{"line":232,"column":0},"end":{"line":244,"column":2}},"96":{"start":{"line":233,"column":2},"end":{"line":233,"column":11}},"97":{"start":{"line":234,"column":2},"end":{"line":234,"column":52}},"98":{"start":{"line":236,"column":2},"end":{"line":236,"column":19}},"99":{"start":{"line":237,"column":2},"end":{"line":237,"column":19}},"100":{"start":{"line":238,"column":2},"end":{"line":242,"column":3}},"101":{"start":{"line":239,"column":4},"end":{"line":241,"column":6}},"102":{"start":{"line":243,"column":2},"end":{"line":243,"column":14}},"103":{"start":{"line":258,"column":0},"end":{"line":299,"column":2}},"104":{"start":{"line":259,"column":2},"end":{"line":259,"column":18}},"105":{"start":{"line":262,"column":2},"end":{"line":262,"column":39}},"106":{"start":{"line":265,"column":2},"end":{"line":265,"column":43}},"107":{"start":{"line":267,"column":2},"end":{"line":279,"column":5}},"108":{"start":{"line":268,"column":4},"end":{"line":278,"column":5}},"109":{"start":{"line":269,"column":6},"end":{"line":277,"column":7}},"110":{"start":{"line":270,"column":8},"end":{"line":276,"column":9}},"111":{"start":{"line":271,"column":10},"end":{"line":271,"column":49}},"112":{"start":{"line":272,"column":10},"end":{"line":274,"column":11}},"113":{"start":{"line":273,"column":12},"end":{"line":273,"column":64}},"114":{"start":{"line":275,"column":10},"end":{"line":275,"column":48}},"115":{"start":{"line":281,"column":2},"end":{"line":283,"column":5}},"116":{"start":{"line":282,"column":4},"end":{"line":282,"column":43}},"117":{"start":{"line":286,"column":2},"end":{"line":298,"column":3}},"118":{"start":{"line":287,"column":4},"end":{"line":287,"column":52}},"119":{"start":{"line":289,"column":4},"end":{"line":289,"column":23}},"120":{"start":{"line":290,"column":4},"end":{"line":290,"column":18}},"121":{"start":{"line":291,"column":4},"end":{"line":294,"column":5}},"122":{"start":{"line":292,"column":6},"end":{"line":292,"column":71}},"123":{"start":{"line":293,"column":6},"end":{"line":293,"column":50}},"124":{"start":{"line":295,"column":4},"end":{"line":295,"column":31}},"125":{"start":{"line":297,"column":4},"end":{"line":297,"column":18}},"126":{"start":{"line":301,"column":0},"end":{"line":605,"column":2}},"127":{"start":{"line":302,"column":2},"end":{"line":302,"column":18}},"128":{"start":{"line":304,"column":2},"end":{"line":304,"column":18}},"129":{"start":{"line":307,"column":2},"end":{"line":309,"column":3}},"130":{"start":{"line":308,"column":4},"end":{"line":308,"column":53}},"131":{"start":{"line":316,"column":2},"end":{"line":321,"column":3}},"132":{"start":{"line":320,"column":4},"end":{"line":320,"column":28}},"133":{"start":{"line":323,"column":2},"end":{"line":323,"column":21}},"134":{"start":{"line":324,"column":2},"end":{"line":324,"column":27}},"135":{"start":{"line":326,"column":2},"end":{"line":336,"column":5}},"136":{"start":{"line":327,"column":4},"end":{"line":335,"column":7}},"137":{"start":{"line":328,"column":6},"end":{"line":328,"column":36}},"138":{"start":{"line":329,"column":6},"end":{"line":331,"column":7}},"139":{"start":{"line":330,"column":8},"end":{"line":330,"column":34}},"140":{"start":{"line":332,"column":6},"end":{"line":332,"column":39}},"141":{"start":{"line":333,"column":6},"end":{"line":333,"column":64}},"142":{"start":{"line":334,"column":6},"end":{"line":334,"column":65}},"143":{"start":{"line":341,"column":2},"end":{"line":341,"column":31}},"144":{"start":{"line":343,"column":2},"end":{"line":343,"column":33}},"145":{"start":{"line":345,"column":2},"end":{"line":365,"column":5}},"146":{"start":{"line":346,"column":4},"end":{"line":364,"column":5}},"147":{"start":{"line":347,"column":6},"end":{"line":347,"column":38}},"148":{"start":{"line":348,"column":6},"end":{"line":351,"column":7}},"149":{"start":{"line":349,"column":8},"end":{"line":349,"column":40}},"150":{"start":{"line":350,"column":8},"end":{"line":350,"column":25}},"151":{"start":{"line":355,"column":6},"end":{"line":355,"column":18}},"152":{"start":{"line":356,"column":6},"end":{"line":356,"column":55}},"153":{"start":{"line":357,"column":6},"end":{"line":362,"column":7}},"154":{"start":{"line":358,"column":8},"end":{"line":358,"column":22}},"155":{"start":{"line":360,"column":8},"end":{"line":360,"column":58}},"156":{"start":{"line":361,"column":8},"end":{"line":361,"column":22}},"157":{"start":{"line":363,"column":6},"end":{"line":363,"column":42}},"158":{"start":{"line":366,"column":2},"end":{"line":366,"column":57}},"159":{"start":{"line":368,"column":2},"end":{"line":368,"column":23}},"160":{"start":{"line":369,"column":2},"end":{"line":369,"column":33}},"161":{"start":{"line":372,"column":2},"end":{"line":396,"column":3}},"162":{"start":{"line":373,"column":4},"end":{"line":373,"column":29}},"163":{"start":{"line":374,"column":4},"end":{"line":374,"column":66}},"164":{"start":{"line":379,"column":4},"end":{"line":391,"column":5}},"165":{"start":{"line":380,"column":6},"end":{"line":380,"column":41}},"166":{"start":{"line":381,"column":6},"end":{"line":390,"column":7}},"167":{"start":{"line":382,"column":8},"end":{"line":389,"column":11}},"168":{"start":{"line":383,"column":10},"end":{"line":388,"column":11}},"169":{"start":{"line":384,"column":12},"end":{"line":387,"column":14}},"170":{"start":{"line":393,"column":4},"end":{"line":395,"column":5}},"171":{"start":{"line":394,"column":6},"end":{"line":394,"column":65}},"172":{"start":{"line":398,"column":2},"end":{"line":476,"column":3}},"173":{"start":{"line":400,"column":4},"end":{"line":400,"column":54}},"174":{"start":{"line":401,"column":4},"end":{"line":401,"column":32}},"175":{"start":{"line":402,"column":4},"end":{"line":402,"column":38}},"176":{"start":{"line":403,"column":4},"end":{"line":403,"column":37}},"177":{"start":{"line":407,"column":4},"end":{"line":407,"column":26}},"178":{"start":{"line":409,"column":4},"end":{"line":409,"column":36}},"179":{"start":{"line":411,"column":4},"end":{"line":465,"column":5}},"180":{"start":{"line":412,"column":6},"end":{"line":415,"column":7}},"181":{"start":{"line":413,"column":8},"end":{"line":413,"column":44}},"182":{"start":{"line":414,"column":8},"end":{"line":414,"column":30}},"183":{"start":{"line":416,"column":6},"end":{"line":463,"column":7}},"184":{"start":{"line":417,"column":8},"end":{"line":417,"column":52}},"185":{"start":{"line":422,"column":8},"end":{"line":422,"column":37}},"186":{"start":{"line":423,"column":8},"end":{"line":446,"column":9}},"187":{"start":{"line":424,"column":10},"end":{"line":424,"column":58}},"188":{"start":{"line":425,"column":10},"end":{"line":425,"column":58}},"189":{"start":{"line":426,"column":10},"end":{"line":426,"column":60}},"190":{"start":{"line":427,"column":10},"end":{"line":427,"column":55}},"191":{"start":{"line":429,"column":10},"end":{"line":434,"column":11}},"192":{"start":{"line":430,"column":12},"end":{"line":430,"column":48}},"193":{"start":{"line":431,"column":12},"end":{"line":431,"column":41}},"194":{"start":{"line":433,"column":12},"end":{"line":433,"column":100}},"195":{"start":{"line":435,"column":15},"end":{"line":446,"column":9}},"196":{"start":{"line":438,"column":10},"end":{"line":438,"column":32}},"197":{"start":{"line":439,"column":10},"end":{"line":439,"column":33}},"198":{"start":{"line":440,"column":10},"end":{"line":440,"column":60}},"199":{"start":{"line":441,"column":10},"end":{"line":441,"column":16}},"200":{"start":{"line":445,"column":10},"end":{"line":445,"column":98}},"201":{"start":{"line":452,"column":8},"end":{"line":452,"column":31}},"202":{"start":{"line":453,"column":8},"end":{"line":453,"column":63}},"203":{"start":{"line":455,"column":8},"end":{"line":455,"column":65}},"204":{"start":{"line":456,"column":8},"end":{"line":456,"column":32}},"205":{"start":{"line":459,"column":8},"end":{"line":459,"column":45}},"206":{"start":{"line":461,"column":8},"end":{"line":461,"column":58}},"207":{"start":{"line":462,"column":8},"end":{"line":462,"column":14}},"208":{"start":{"line":469,"column":4},"end":{"line":471,"column":5}},"209":{"start":{"line":470,"column":6},"end":{"line":470,"column":46}},"210":{"start":{"line":472,"column":4},"end":{"line":474,"column":5}},"211":{"start":{"line":473,"column":6},"end":{"line":473,"column":46}},"212":{"start":{"line":475,"column":4},"end":{"line":475,"column":16}},"213":{"start":{"line":480,"column":2},"end":{"line":480,"column":49}},"214":{"start":{"line":482,"column":2},"end":{"line":505,"column":3}},"215":{"start":{"line":484,"column":4},"end":{"line":484,"column":63}},"216":{"start":{"line":485,"column":4},"end":{"line":485,"column":78}},"217":{"start":{"line":489,"column":4},"end":{"line":499,"column":5}},"218":{"start":{"line":490,"column":6},"end":{"line":490,"column":34
[...]
push(self._formatAction(subaction));","    });","    this._dedent();","  }","  // return a single string","  return this._joinParts(parts);","};","","HelpFormatter.prototype._formatActionInvocation = function (action) {","  if (!action.isOptional()) {","    var format_func = this._metavarFormatter(action, action.dest);","    var metavars = format_func(1);","    return metavars[0];","  }","","  var parts = [];","  var argsDefault;","  var argsString;","","  // if the Optional doesn't take a value, format is: -s, --long","  if (action.nargs === 0) {","    parts = parts.concat(action.optionStrings);","","  // if the Optional takes a value, format is: -s ARGS, --long ARGS","  } else {","    argsDefault = action.dest.toUpperCase();","    argsString = this._formatArgs(action, argsDefault);","    action.optionStrings.forEach(function (optionString) {","      parts.push(optionString + ' ' + argsString);","    });","  }","  return parts.join(', ');","};","","HelpFormatter.prototype._metavarFormatter = function (action, metavarDefault) {","  var result;","","  if (action.metavar || action.metavar === '') {","    result = action.metavar;","  } else if (action.choices) {","    var choices = action.choices;","","    if (typeof choices === 'string') {","      choices = choices.split('').join(', ');","    } else if (Array.isArray(choices)) {","      choices = choices.join(',');","    } else {","      choices = Object.keys(choices).join(',');","    }","    result = '{' + choices + '}';","  } else {","    result = metavarDefault;","  }","","  return function (size) {","    if (Array.isArray(result)) {","      return result;","    }","","    var metavars = [];","    for (var i = 0; i < size; i += 1) {","      metavars.push(result);","    }","    return metavars;","  };","};","","HelpFormatter.prototype._formatArgs = function (action, metavarDefault) {","  var result;","  var metavars;","","  var buildMetavar = this._metavarFormatter(action, metavarDefault);","","  switch (action.nargs) {","    /*eslint-disable no-undefined*/","    case undefined:","    case null:","      metavars = buildMetavar(1);","      result = '' + metavars[0];","      break;","    case c.OPTIONAL:","      metavars = buildMetavar(1);","      result = '[' + metavars[0] + ']';","      break;","    case c.ZERO_OR_MORE:","      metavars = buildMetavar(2);","      result = '[' + metavars[0] + ' [' + metavars[1] + ' ...]]';","      break;","    case c.ONE_OR_MORE:","      metavars = buildMetavar(2);","      result = '' + metavars[0] + ' [' + metavars[1] + ' ...]';","      break;","    case c.REMAINDER:","      result = '...';","      break;","    case c.PARSER:","      metavars = buildMetavar(1);","      result = metavars[0] + ' ...';","      break;","    default:","      metavars = buildMetavar(action.nargs);","      result = metavars.join(' ');","  }","  return result;","};","","HelpFormatter.prototype._expandHelp = function (action) {","  var params = { prog: this._prog };","","  Object.keys(action).forEach(function (actionProperty) {","    var actionValue = action[actionProperty];","","    if (actionValue !== c.SUPPRESS) {","      params[actionProperty] = actionValue;","    }","  });","","  if (params.choices) {","    if (typeof params.choices === 'string') {","      params.choices = params.choices.split('').join(', ');","    } else if (Array.isArray(params.choices)) {","      params.choices = params.choices.join(', ');","    } else {","      params.choices = Object.keys(params.choices).join(', ');","    }","  }","","  return sprintf(this._getHelpString(action), params);","};","","HelpFormatter.prototype._splitLines = function (text, width) {","  var lines = [];","  var delimiters = [ ' ', '.', ',', '!', '?' ];","  var re = new RegExp('[' + delimiters.join('') + '][^' + delimiters.join('') + ']*$');","","  text = text.replace(/[\\n\\|\\t]/g, ' ');","","  text = text.trim();","  text = text.replace(this._whitespaceMatcher, ' ');","","  // Wraps the single paragraph in text (a string) so every line","  // is at most width characters long.","  text.split(c.EOL).forEach(function (line) {","    if (width >= line.length) {","      lines.push(line);","      return;","    }","","    var wrapStart = 0;","    var wrapEnd = width;","    var delimiterIndex = 0;","    while (wrapEnd <= line.length) {","      if (wrapEnd !== line.length && delimiters.indexOf(line[wrapEnd] < -1)) {","        delimiterIndex = (re.exec(line.substring(wrapStart, wrapEnd)) || {}).index;","        wrapEnd = wrapStart + delimiterIndex + 1;","      }","      lines.push(line.substring(wrapStart, wrapEnd));","      wrapStart = wrapEnd;","      wrapEnd += width;","    }","    if (wrapStart < line.length) {","      lines.push(line.substring(wrapStart, wrapEnd));","    }","  });","","  return lines;","};","","HelpFormatter.prototype._fillText = function (text, width, indent) {","  var lines = this._splitLines(text, width);","  lines = lines.map(function (line) {","    return indent + line;","  });","  return lines.join(c.EOL);","};","","HelpFormatter.prototype._getHelpString = function (action) {","  return action.help;","};",""],"l":{"16":1,"19":1,"21":1,"30":1,"31":0,"32":0,"33":0,"42":1,"43":0,"53":1,"54":0,"57":0,"58":0,"61":0,"62":0,"64":0,"65":0,"66":0,"67":0,"69":0,"71":0,"72":0,"76":0,"77":0,"81":0,"82":0,"83":0,"84":0,"88":0,"101":1,"102":0,"104":0,"106":0,"107":0,"109":0,"110":0,"111":0,"112":0,"114":0,"115":0,"117":0,"118":0,"121":1,"122":0,"123":0,"126":1,"127":0,"128":0,"129":0,"130":0,"134":1,"135":0,"158":1,"159":0,"160":0,"161":0,"162":0,"163":0,"178":1,"179":0,"180":0,"197":1,"198":0,"199":0,"218":1,"219":0,"220":0,"232":1,"233":0,"234":0,"237":0,"238":0,"240":0,"242":0,"243":0,"244":0,"246":0,"247":0,"248":0,"251":0,"255":0,"256":0,"259":0,"277":1,"278":0,"279":0,"280":0,"299":1,"300":0,"301":0,"302":0,"303":0,"305":0,"308":1,"309":0,"310":0,"314":1,"315":0,"316":0,"319":0,"320":0,"324":0,"325":0,"328":0,"329":0,"332":0,"333":0,"334":0,"335":0,"336":0,"337":0,"340":0,"341":0,"342":0,"344":0,"349":0,"350":0,"353":0,"354":0,"357":0,"358":0,"359":0,"362":0,"363":0,"365":0,"366":0,"368":0,"369":0,"374":0,"375":0,"376":0,"378":0,"380":0,"381":0,"382":0,"383":0,"384":0,"386":0,"387":0,"390":0,"391":0,"393":0,"394":0,"396":0,"399":0,"401":0,"402":0,"403":0,"404":0,"408":0,"409":0,"411":0,"416":0,"417":0,"418":0,"419":0,"420":0,"425":0,"428":0,"433":0,"436":1,"438":0,"439":0,"440":0,"442":0,"443":0,"444":0,"446":0,"447":0,"448":0,"451":0,"452":0,"453":0,"456":0,"457":0,"458":0,"460":0,"462":0,"464":0,"465":0,"467":0,"469":0,"471":0,"472":0,"479":0,"481":0,"482":0,"483":0,"484":0,"485":0,"489":0,"490":0,"491":0,"492":0,"493":0,"494":0,"498":0,"499":0,"502":0,"503":0,"504":0,"508":0,"512":0,"515":0,"516":0,"520":0,"521":0,"522":0,"525":0,"526":0,"529":0,"534":0,"535":0,"536":0,"541":0,"542":0,"546":0,"547":0,"548":0,"549":0,"550":0,"552":0,"555":0,"558":1,"559":0,"560":0,"561":0,"562":0,"565":1,"566":0,"568":0,"569":0,"570":0,"571":0,"574":0,"575":0,"576":0,"577":0,"580":0,"581":0,"584":0,"585":0,"589":0,"593":0,"594":0,"598":0,"601":0,"602":0,"603":0,"604":0,"605":0,"606":0,"610":0,"611":0,"614":0,"615":0,"616":0,"617":0,"619":0,"622":0,"625":1,"626":0,"627":0,"628":0,"629":0,"632":0,"633":0,"634":0,"637":0,"638":0,"642":0,"643":0,"644":0,"645":0,"648":0,"651":1,"652":0,"654":0,"655":0,"656":0,"657":0,"659":0,"660":0,"661":0,"662":0,"664":0,"666":0,"668":0,"671":0,"672":0,"673":0,"676":0,"677":0,"678":0,"680":0,"684":1,"685":0,"686":0,"688":0,"690":0,"694":0,"695":0,"696":0,"698":0,"699":0,"700":0,"702":0,"703":0,"704":0,"706":0,"707":0,"708":0,"710":0,"711":0,"713":0,"714":0,"715":0,"717":0,"718":0,"720":0,"723":1,"724":0,"726":0,"727":0,"729":0,"730":0,"734":0,"735":0,"736":0,"737":0,"738":0,"740":0,"744":0,"747":1,"748":0,"749":0,"750":0,"752":0,"754":0,"755":0,"759":0,"760":0,"761":0,"762":0,"765":0,"766":0,"767":0,"768":0,"769":0,"770":0,"771":0,"773":0,"774":0,"775":0,"777":0,"778":0,"782":0,"785":1,"786":0,"787":0,"788":0,"790":0,"793":1,"794":0}},"/home/travis/build/npmtest/node-npmtest-argparse/node_modules/argparse/lib/namespace.js":{"path":"/home/travis/build/npmtest/node-npmtest-argparse/node_modules/argparse/lib/namespace.js","s":{"1":1,"2":1,"3":0,"4":1,"5":0,"6":1,"7":0,"8":0,"9":0,"10":0,"11":1,"12":0,"13":1,"14":0,"15":0,"16":0,"17":0,"18":0},"b":{"1":[0,0],"2":[0,0],"3":[0,0]},"f":{"1":0,"2":0,"3":0,"4":0,"5":0},"fnMap":{"1":{"name":"Namespace","line":20,"loc":{"start":{"line":20,"column":33},"end":{"line":20,"column":61}}},"2":{"name":"(anonymous_2)","line":30,"loc":{"start":{"line":30,"column":28},"end":{"line":30,"column":43}}},"3":{"name":"(anonymous_3)","line":42,"loc":{"start":{"line":42,"column":26},"end":{"line":42,"column":48}}},"4":{"name":"(anonymous_4)","line":58,"loc":{"start":{"line":58,"column":26},"end":{"line":58,"column":55}}},"5":{"name":"(anonymous_5)","line":69,"loc":{"start":{"line":69,"column":28},"end":{"line":69,"column":57}}}},"statementMap":{"1":{"start":{"line":13,"column":0},"end":{"line":13,"column":28}},"2":{"start":{"line":20,"column":0},"end":{"line":22,"column":2}},"3":{"start":{"line":21,"column":2},"end":{"line":21,"column":27}},"4":{"start":{"line":30,"column":0},"end":{"line":32,"column":2}},"5":{"start":{"line":31,"column":2},"end":{"line":31,"column":27}},"6":{"start":{"line":42,"column":0},"end":{"line":49,"column":2}},"7":{"start":{"line":43,"column":2},"end":{"line":47,"column":3}},"8":{"start":{"line":44,"column":4},"end":{"line":44,"column":25}},"9":{"start":{"line":46,"column":4},"end":{"line":46,"column":22}},"10":{"start":{"line":48,"column":2},"end":{"line":48,"column":14}},"11":{"start":{"line":58,"column":0},"end":{"line":60,"column":2}},"12":{"start":{"line":59,"column":2},"end":{"line":59,"column":47}},"13":{"start":{"line":69,"column":0},"end":{"line":76,"column":2}},"14":{"start":{"line":70,"column":2},"end":{"line":70,"column":24}},"15":{"start":{"line":71,"column":2},"end":{"line":74,"column":3}},"16":{"start":{"line":72,"column":4},"end":{"line":72,"column":21}},"17":{"start":{"line":73,"column":4},"end":{"line":73,"column":17}},"18":{"start":{"line":75,"column":2},"end":{"line":75,"column":22}}},"branchMap":{"1":{"line":43,"type":"if","locations":[{"start":{"line":43,"column":2},"end":{"line":43,"column":2}},{"start":{"line":43,"column":2},"end":{"line":43,"column":2}}]},"2":{"line":59,"type":"cond-expr","locations":[{"start":{"line":59,"column":22},"end":{"line":59,"column":34}},{"start":{"line":59,"column":37},"end":{"line":59,"column":46}}]},"3":{"line":71,"type":"if","locations":[{"start":{"line":71,"column":2},"end":{"line":71,"column":2}},{"start":{"line":71,"column":2},"end":{"line":71,"column":2}}]}},"code":["/**"," * class Namespace"," *"," * Simple object for storing attributes. Implements equality by attribute names"," * and values, and provides a simple string representation."," *"," * See also [original guide][1]"," *"," * [1]:http://docs.python.org/dev/library/argparse.html#the-namespace-object"," **/","'use strict';","","var $$ = require('./utils');","","/**"," * new Namespace(options)"," * - options(object): predefined propertis for result object"," *"," **/","var Namespace = module.exports = function Namespace(options) {","  $$.extend(this, options);","};","","/**"," * Namespace#isset(key) -> Boolean"," * - key (string|number): property name"," *"," * Tells whenever `namespace` contains given `key` or not."," **/","Namespace.prototype.isset = function (key) {","  return $$.has(this, key);","};","","/**"," * Namespace#set(key, value) -> self"," * -key (string|number|object): propery name"," * -value (mixed): new property value"," *"," * Set the property named key with value."," * If key object then set all key properties to namespace object"," **/","Namespace.prototype.set = function (key, value) {","  if (typeof (key) === 'object') {","    $$.extend(this, key);","  } else {","    this[key] = value;","  }","  return this;","};","","/**"," * Namespace#get(key, defaultValue) -> mixed"," * - key (string|number): property name"," * - defaultValue (mixed): default value"," *"," * Return the property key or defaulValue if not set"," **/","Namespace.prototype.get = function (key, defaultValue) {","  return !this[key] ? defaultValue : this[key];","};","","/**"," * Namespace#unset(key, defaultValue) -> mixed"," * - key (string|number): property name"," * - defaultValue (mixed): default value"," *"," * Return data[key](and delete it) or defaultValue"," **/","Namespace.prototype.unset = function (key, defaultValue) {","  var value = this[key];","  if (value !== null) {","    delete this[key];","    return value;","  }","  return defaultValue;","};",""],"l":{"13":1,"20":1,"21":0,"30":1,"31":0,"42":1,"43":0,"44":0,"46":0,"48":0,"58":1,"59":0,"69":1,"70":0,"71":0,"72":0,"73":0,"75":0}},"/home/travis/build/npmtest/node-npmtest-argparse/node_modules/argparse/lib/help/added_formatters.js":{"path":"/home/travis/build/npmtest/node-npmtest-argparse/node_modules/argparse/lib/help/added_formatters.js","s":{"1":1,"2":1,"3":1,"4":1,"5":1,"6":0,"7":1,"8":1,"9":0,"10":0,"11":0,"12":0,"13":0,"14":0,"15":0,"16":1,"17":1,"18":0,"19":1,"20":1,"21":0,"22":0,"23":0,"24":0,"25":1,"26":1,"27":0,"28":1,"29":1,"30":0,"31":1},"b":{"1":[0,0],"2":[0,0],"3":[0,0],"4":[0,0]},"f":{"1":0,"2":0,"3":0,"4":0,"5":0,"6":0,"7":0},"fnMap":{"1":{"name":"ArgumentDefaultsHelpFormatter","line":21,"loc":{"start":{"line":21,"column":0},"end":{"line":21,"column":48}}},"2":{"name":"(anonymous_2)","line":27,"loc":{"start":{"line":27,"column":57},"end":{"line":27,"column":75}}},"3":{"name":"RawDescriptionHelpFormatter","line":52,"loc":{"start":{"line":52,"column":0},"end":{"line":52,"column":46}}},"4":{"name":"(anonymous_4)","line":58,"loc":{"start":{"line":58,"column":50},"end":{"line":58,"column":81}}},"5":{"name":"(anonymous_5)","line":60,"loc":{"start":{"line":60,"column":20},"end":{"line":60,"column":36}}},"6":{"name":"RawTextHelpFormatter","line":77,"loc":{"start":{"line":77,"column":0},"end":{"line":77,"column":39}}},"7":{"name":"(anonymous_7)","line":83,"loc":{"start":{"line":83,"column":45},"end":{"line":83,"column":61}}}},"statementMap":{"1":{"start":{"line":3,"column":0},"end":{"line":3,"column":30}},"2":{"start":{"line":6,"column":0},"end":{"line":6,"column":28}},"3":{"start":{"line":8,"column":0},"end":{"line":8,"column":29}},"4":{"start":{"line":9,"column":0},"end":{"line":9,"column":46}},"5":{"start":{"line":21,"column":0},"end":{"line":23,"column":1}},"6":{"start":{"line":22,"column":2},"end":{"line":22,"column":36}},"7":{"start":{"line":25,"column":0},"end":{"line":25,"column":60}},"8":{"start":{"line":27,"column":0},"end":{"line":38,"column":2}},"9":{"start":{"line":28,"column":2},"end":{"line":28,"column":25}},"10":{"start":{"line":29,"column":2},"end":{"line":36,"column":3}},"11":{"start":{"line":30,"column":4},"end":{"line":35,"column":5}},"12":{"start":{"line":31,"column":6},"end":{"line":31,"column":60}},"13":{"start":{"line":32,"column":6},"end":{"line":34,"column":7}},"14":{"start":{"line":33,"column":8},"end":{"line":33,"column":47}},"15":{"start":{"line":37,"column":2},"end":{"line":37,"column":14}},"16":{"start":{"line":40,"column":0},"end":{"line":40,"column":77}},"17":{"start":{"line":52,"column":0},"end":{"line":54,"column":1}},"18":{"start":{"line":53,"column":2},"end":{"line":53,"column":36}},"19":{"start":{"line":56,"column":0},"end":{"line":56,"column":58}},"20":{"start":{"line":58,"column":0},"end":{"line":64,"column":2}},"21":{"start":{"line":59,"column":2},"end":{"line":59,"column":31}},"22":{"start":{"line":60,"column":2},"end":{"line":62,"column":5}},"23":{"start":{"line":61,"column":4},"end":{"line":61,"column":37}},"24":{"start":{"line":63,"column":2},"end":{"line":63,"column":26}},"25":{"start":{"line":65,"column":0},"end":{"line":65,"column":73}},"26":{"start":{"line":77,"column":0},"end":{"line":79,"column":1}},"27":{"start":{"line":78,"column":2},"end":{"line":78,"column":50}},"28":{"start":{"line":81,"column":0},"end":{"line":81,"column":65}},"29":{"start":{"line":83,"column":0},"end":{"line":85,"column":2}},"30":{"start":{"line":84,"column":2},"end":{"line":84,"column":26}},"31":{"start":{"line":87,"column":0},"end":{"line":87,"column":59}}},"branchMap":{"1":{"line":29,"type":"if","locations":[{"start":{"line":29,"column":2},"end":{"line":29,"column":2}},{"start":{"line":29,"column":2},"end":{"line":29,"column":2}}]},"2":{"line":30,"type":"if","locations":[{"start":{"line":30,"column":4},"end":{"line":30,"column":4}},{"start":{"line":30,"column":4},"end":{"line":30,"column":4}}]},"3":{"line":32,"type":"if","locations":[{"start":{"line":32,"column":6},"end":{"line":32,"column":6}},{"start":{"line":32,"column":6},"end":{"line":32,"column":6}}]},"4":{"line":32,"type":"binary-expr","locations":[{"start":{"line":32,"column":10},"end":{"line":32,"column":29}},{"start":{"line":32,"column":34},"end":{"line":32,"column":77}}]}},"code":["'use strict';","","var util    = require('util');","","// Constants","var c = require('../const');","","var $$ = require('../utils');","var HelpFormatter = require('./formatter.js');","","/**"," * new RawDescriptionHelpFormatter(options)"," * new ArgumentParser({formatterClass: argparse.RawDescriptionHelpFormatter, ...})"," *"," * Help message formatter which adds default values to argument help."," *"," * Only the name of this class is considered a public API. All the methods"," * provided by the class are considered an implementation detail."," **/","","function ArgumentDefaultsHelpFormatter(options) {","  HelpFormatter.call(this, options);","}","","util.inherits(ArgumentDefaultsHelpFormatter, HelpFormatter);","","ArgumentDefaultsHelpFormatter.prototype._getHelpString = function (action) {","  var help = action.help;","  if (action.help.indexOf('%(defaultValue)s') === -1) {","    if (action.defaultValue !== c.SUPPRESS) {","      var defaulting_nargs = [ c.OPTIONAL, c.ZERO_OR_MORE ];","      if (action.isOptional() || (defaulting_nargs.indexOf(action.nargs) >= 0)) {","        help += ' (default: %(defaultValue)s)';","      }","    }","  }","  return help;","};","","module.exports.ArgumentDefaultsHelpFormatter = ArgumentDefaultsHelpFormatter;","","/**"," * new RawDescriptionHelpFormatter(options)"," * new ArgumentParser({formatterClass: argparse.RawDescriptionHelpFormatter, ...})"," *"," * Help message formatter which retains any formatting in descriptions."," *"," * Only the name of this class is considered a public API. All the methods"," * provided by the class are considered an implementation detail."," **/","","function RawDescriptionHelpFormatter(options) {","  HelpFormatter.call(this, options);","}","","util.inherits(RawDescriptionHelpFormatter, HelpFormatter);","","RawDescriptionHelpFormatter.prototype._fillText = function (text, width, indent) {","  var lines = text.split('\\n');","  lines = lines.map(function (line) {","    return $$.trimEnd(indent + line);","  });","  return lines.join('\\n');","};","module.exports.RawDescriptionHelpFormatter = RawDescriptionHelpFormatter;","","/**"," * new RawTextHelpFormatter(options)"," * new ArgumentParser({formatterClass: argparse.RawTextHelpFormatter, ...})"," *"," * Help message formatter which retains formatting of all help text."," *"," * Only the name of this class is considered a public API. All the methods"," * provided by the class are considered an implementation detail."," **/","","function RawTextHelpFormatter(options) {","  RawDescriptionHelpFormatter.call(this, options);","}","","util.inherits(RawTextHelpFormatter, RawDescriptionHelpFormatter);","","RawTextHelpFormatter.prototype._splitLines = function (text) {","  return text.split('\\n');","};","","module.exports.RawTextHelpFormatter = RawTextHelpFormatter;",""],"l":{"3":1,"6":1,"8":1,"9":1,"21":1,"22":0,"25":1,"27":1,"28":0,"29":0,"30":0,"31":0,"32":0,"33":0,"37":0,"40":1,"52":1,"53":0,"56":1,"58":1,"59":0,"60":0,"61":0,"63":0,"65":1,"77":1,"78":0,"81":1,"83":1,"84":0,"87":1}}}